1
1
1
-1
1
1
1
-1
-1
2
1
-1
1
2
2
-1
1
-1
1
-1
2
4
1
-1
-1
4
-1
-1
1
2
1
-1
4
8
2
-1
1
6
4
-1
1
2
1
-1
-1
10
1
-1
-1
-1
4
-1
1
-1
8
-1
6
12
1
-1
1
8
-1
-1
2
4
1
-1
5
4
1
-1
1
12
-1
-1
4
4
1
-1
-1
16
1
-1
4
12
6
-1
1
-1
2
-1
8
22
6
-1
1
-1
-1
-1
1
8
1
-1
4
24
1
-1
1
8
12
-1
1
6
10
-1
-1
28
2
-1
-1
16
4
-1
-1
-1
1
-1
12
4
1
-1
3
20
-1
-1
1
10
1
-1
11
24
4
-1
6
24
-1
-1
1
-1
1
-1
-1
8
16
-1
1
24
6
-1
10
-1
1
-1
8
40
1
-1
-1
8
-1
-1
1
12
-1
-1
28
40
1
-1
1
4
16
-1
6
8
4
-1
-1
12
1
-1
1
32
4
-1
1
-1
1
-1
20
40
24
-1
16
32
-1
-1
6
4
1
-1
12
52
6
-1
4
36
24
-1
4
12
1
-1
-1
48
1
-1
1
20
8
-1
1
-1
22
-1
24
16
1
-1
1
-1
-1
-1
-1
16
6
-1
8
-1
1
-1
40
36
2
-1
1
12
6
-1
-1
48
1
-1
4
6
10
-1
1
-1
1
-1
4
64
-1
-1
1
44
-1
-1
1
22
1
-1
12
16
4
-1
-1
12
32
-1
1
-1
14
-1
-1
72
10
-1
12
40
20
-1
16
-1
1
-1
32
16
1
-1
1
48
-1
-1
1
24
6
-1
52
20
4
-1
-1
54
36
-1
22
8
1
-1
-1
82
10
-1
1
-1
12
-1
2
-1
-1
-1
5
84
1
-1
1
-1
-1
-1
1
28
48
-1
16
88
1
-1
-1
48
-1
-1
6
16
1
-1
-1
12
12
-1
1
32
-1
-1
2
-1
1
-1
36
72
1
-1
16
64
-1
-1
1
4
10
-1
12
84
4
-1
1
60
6
-1
1
20
4
-1
-1
24
12
-1
1
16
16
-1
14
-1
20
-1
44
24
1
-1
1
48
-1
-1
-1
24
4
-1
16
24
1
-1
1
8
2
-1
30
24
1
-1
-1
16
1
-1
10
72
18
-1
1
-1
2
-1
40
112
2
-1
1
72
-1
-1
1
8
1
-1
16
112
1
-1
10
44
48
-1
12
24
-1
-1
-1
96
1
-1
3
64
20
-1
8
-1
1
-1
54
-1
1
-1
12
12
-1
-1
48
40
1
-1
41
100
1
-1
40
40
-1
-1
1
8
6
-1
-1
128
16
-1
44
12
42
-1
1
-1
1
-1
-1
130
4
-1
-1
24
-1
-1
4
40
52
-1
88
132
-1
-1
1
72
48
-1
18
4
1
-1
-1
-1
6
-1
12
88
12
-1
1
-1
2
-1
1
96
1
-1
12
92
-1
-1
1
12
1
-1
36
32
-1
-1
1
-1
64
-1
40
32
12
-1
-1
144
1
-1
6
56
42
-1
1
-1
4
-1
60
40
1
-1
1
12
-1
-1
-1
40
1
-1
24
16
22
-1
1
96
16
-1
1
32
1
-1
-1
120
10
-1
-1
96
24
-1
4
-1
1
-1
48
156
6
-1
-1
48
-1
-1
1
52
1
-1
24
48
1
-1
28
-1
8
-1
1
36
96
-1
-1
44
1
-1
1
80
16
-1
2
-1
30
-1
72
40
2
-1
1
96
-1
-1
1
48
4
-1
112
8
1
-1
16
-1
72
-1
48
20
1
-1
-1
172
22
-1
4
112
28
-1
1
-1
2
-1
22
160
4
-1
1
48
-1
-1
20
16
16
-1
48
178
1
-1
16
-1
64
-1
-1
-1
1
-1
-1
24
12
-1
1
120
-1
-1
80
-1
1
-1
12
48
1
-1
36
120
-1
-1
26
-1
1
-1
100
24
80
-1
1
108
40
-1
1
36
18
-1
-1
190
14
-1
1
16
64
-1
1
-1
-1
-1
12
192
6
-1
3
80
-1
-1
4
48
1
-1
65
48
96
-1
4
120
12
-1
1
6
22
-1
-1
160
12
-1
10
16
22
-1
1
-1
1
-1
72
48
54
-1
6
128
-1
-1
1
64
1
-1
-1
56
1
-1
1
80
88
-1
-1
44
82
-1
-1
180
1
-1
-1
96
12
-1
-1
-1
-1
-1
92
-1
30
-1
1
16
-1
-1
1
16
1
-1
32
168
1
-1
42
144
-1
-1
12
12
10
-1
-1
60
-1
-1
1
144
12
-1
1
-1
1
-1
28
192
1
-1
36
40
-1
-1
66
72
44
-1
40
192
6
-1
12
16
12
-1
48
40
1
-1
-1
4
1
-1
40
144
16
-1
12
-1
1
-1
96
176
4
-1
-1
120
-1
-1
1
16
-1
-1
60
232
32
-1
1
20
96
-1
1
48
20
-1
-1
48
1
-1
6
-1
78
-1
1
-1
144
-1
12
238
16
-1
-1
12
-1
-1
16
20
1
-1
48
32
1
-1
22
162
-1
-1
1
54
160
-1
-1
168
1
-1
42
48
44
-1
6
-1
1
-1
80
48
30
-1
1
164
-1
-1
2
82
4
-1
40
250
12
-1
1
40
96
-1
1
-1
24
-1
-1
252
1
-1
1
24
8
-1
-1
-1
48
-1
-1
64
1
-1
1
88
-1
-1
4
84
1
-1
172
192
18
-1
48
168
112
-1
1
-1
1
-1
-1
64
96
-1
4
-1
40
-1
1
-1
1
-1
48
32
8
-1
1
104
-1
-1
6
88
-1
-1
89
-1
40
-1
220
144
-1
-1
16
48
1
-1
-1
36
1
-1
1
144
24
-1
1
-1
12
-1
120
72
1
-1
1
24
-1
-1
1
12
10
-1
48
276
36
-1
1
24
120
-1
84
32
1
-1
-1
280
-1
-1
1
48
24
-1
16
-1
112
-1
108
280
20
-1
27
144
-1
-1
18
72
12
-1
95
-1
1
-1
1
192
16
-1
10
64
6
-1
-1
80
1
-1
14
96
48
-1
82
-1
1
-1
20
292
-1
-1
52
24
-1
-1
1
84
-1
-1
48
288
1
-1
2
16
120
-1
1
60
48
-1
-1
264
18
-1
1
160
20
-1
64
-1
12
-1
16
-1
6
-1
1
200
-1
-1
1
24
30
-1
48
88
1
-1
-1
192
128
-1
1
16
1
-1
-1
240
6
-1
1
204
56
-1
2
-1
12
-1
40
80
2
-1
1
-1
-1
-1
88
24
200
-1
90
48
1
-1
8
144
96
-1
80
48
12
-1
-1
72
2
-1
30
-1
-1
-1
1
-1
1
-1
16
256
1
-1
64
212
-1
-1
1
24
1
-1
84
288
2
-1
1
112
144
-1
1
8
1
-1
-1
324
1
-1
4
96
60
-1
20
-1
130
-1
144
276
1
-1
1
160
-1
-1
-1
16
1
-1
48
12
-1
-1
12
120
10
-1
12
72
4
-1
-1
16
6
-1
22
192
48
-1
6
-1
8
-1
4
312
144
-1
35
32
-1
-1
1
112
66
-1
4
300
1
-1
-1
64
144
-1
1
72
-1
-1
-1
48
168
-1
1
176
44
-1
22
-1
2
-1
120
88
26
-1
30
32
-1
-1
12
112
1
-1
232
240
20
-1
96
12
20
-1
1
44
40
-1
-1
80
46
-1
9
232
48
-1
-1
-1
1
-1
-1
80
1
-1
1
16
-1
-1
1
96
32
-1
119
358
1
-1
12
32
12
-1
-1
64
1
-1
-1
-1
1
-1
1
220
32
-1
44
-1
1
-1
162
96
12
-1
72
240
-1
-1
4
-1
1
-1
84
80
-1
-1
48
240
6
-1
1
12
1
-1
-1
312
1
-1
1
72
48
-1
1
-1
2
-1
164
104
1
-1
12
200
-1
-1
24
100
16
-1
125
80
1
-1
10
216
40
-1
12
40
-1
-1
-1
288
1
-1
-1
36
126
-1
22
-1
1
-1
24
112
48
-1
3
256
-1
-1
2
128
1
-1
64
384
4
-1
1
-1
22
-1
1
12
240
-1
-1
96
1
-1
9
24
12
-1
4
-1
1
-1
168
48
1
-1
-1
260
-1
-1
120
130
1
-1
64
96
1
-1
39
16
-1
-1
14
24
6
-1
-1
396
48
-1
1
176
32
-1
1
-1
6
-1
13
96
1
-1
1
40
-1
-1
1
132
6
-1
-1
400
1
-1
1
216
144
-1
-1
72
1
-1
-1
108
14
-1
60
36
36
-1
1
-1
6
-1
144
320
4
-1
11
272
-1
-1
2
-1
6
-1
72
348
160
-1
1
264
24
-1
10
88
1
-1
-1
-1
1
-1
1
164
138
-1
192
-1
-1
-1
24
418
30
-1
-1
-1
-1
-1
12
96
4
-1
280
-1
10
-1
1
-1
2
-1
1
92
1
-1
-1
120
192
-1
16
280
70
-1
1
-1
336
-1
144
424
-1
-1
20
240
-1
-1
1
32
1
-1
-1
430
12
-1
1
84
192
-1
1
-1
172
-1
-1
96
66
-1
1
40
80
-1
14
-1
1
-1
12
-1
256
-1
1
288
-1
-1
20
144
1
-1
292
320
4
-1
40
252
24
-1
6
56
80
-1
-1
442
-1
-1
1
36
36
-1
4
-1
1
-1
16
132
1
-1
1
176
-1
-1
108
40
178
-1
33
96
32
-1
1
96
160
-1
-1
12
22
-1
-1
48
1
-1
-1
300
-1
-1
30
-1
52
-1
200
288
1
-1
-1
160
-1
-1
28
16
1
-1
88
96
30
-1
164
288
192
-1
130
96
24
-1
-1
96
1
-1
-1
-1
30
-1
12
-1
6
-1
204
448
-1
-1
1
-1
-1
-1
6
120
1
-1
80
32
1
-1
1
288
-1
-1
1
96
1
-1
-1
368
66
-1
3
160
48
-1
1
-1
2
-1
144
420
18
-1
36
24
-1
-1
1
156
28
-1
72
384
1
-1
10
144
-1
-1
1
48
38
-1
-1
128
30
-1
6
-1
32
-1
-1
-1
44
-1
212
64
1
-1
1
264
-1
-1
36
48
22
-1
144
384
30
-1
96
44
28
-1
1
-1
1
-1
-1
480
20
-1
24
160
162
-1
12
-1
20
-1
96
490
192
-1
22
84
-1
-1
1
44
-1
-1
138
120
1
-1
23
240
160
-1
30
80
1
-1
-1
120
6
-1
1
328
12
-1
1
-1
1
-1
2
16
1
-1
160
224
-1
-1
-1
40
1
-1
16
144
16
-1
1
288
192
-1
66
96
-1
-1
-1
440
1
-1
1
24
78
-1
52
-1
48
-1
32
508
1
-1
48
256
-1
-1
16
8
2
-1
30
-1
24
-1
1
48
8
-1
-1
-1
2
-1
-1
408
1
-1
14
336
48
-1
1
-1
6
-1
176
64
-1
-1
20
344
-1
-1
1
172
1
-1
88
144
1
-1
1
48
4
-1
10
112
90
-1
-1
520
1
-1
3
240
60
-1
96
-1
-1
-1
12
96
1
-1
1
40
-1
-1
6
160
54
-1
80
416
16
-1
-1
348
232
-1
1
48
1
-1
-1
128
16
-1
1
352
80
-1
1
-1
1
-1
16
72
12
-1
48
-1
-1
-1
1
178
336
-1
179
160
6
-1
1
220
32
-1
36
-1
84
-1
-1
16
82
-1
12
360
-1
-1
60
-1
1
-1
220
432
84
-1
30
288
-1
-1
240
24
12
-1
96
544
72
-1
-1
48
240
-1
6
120
1
-1
-1
504
1
-1
-1
16
80
-1
1
-1
16
-1
240
552
78
-1
1
40
-1
-1
-1
48
12
-1
156
144
20
-1
96
360
36
-1
1
120
1
-1
-1
168
1
-1
48
320
104
-1
42
-1
1
-1
200
-1
16
-1
12
368
-1
-1
12
24
12
-1
80
128
1
-1
1
224
216
-1
1
108
-1
-1
-1
160
6
-1
1
54
36
-1
18
-1
1
-1
36
72
6
-1
1
48
-1
-1
1
190
-1
-1
112
440
-1
-1
176
384
256
-1
1
16
1
-1
-1
80
30
-1
20
48
16
-1
6
-1
20
-1
-1
492
88
-1
128
112
-1
-1
1
192
232
-1
96
164
1
-1
1
288
12
-1
10
80
1
-1
-1
-1
1
-1
12
208
48
-1
1
-1
96
-1
260
464
44
-1
96
-1
-1
-1
80
48
1
-1
96
592
-1
-1
1
96
16
-1
1
120
1
-1
-1
592
4
-1
1
192
198
-1
1
-1
238
-1
44
144
1
-1
-1
320
-1
-1
6
160
40
-1
96
64
1
-1
6
192
40
-1
1
16
4
-1
-1
168
1
-1
-1
400
100
-1
172
-1
2
-1
216
576
162
-1
1
240
-1
-1
1
48
14
-1
108
552
1
-1
4
-1
36
-1
12
128
336
-1
-1
612
1
-1
20
320
8
-1
1
-1
1
-1
272
12
20
-1
1
408
-1
-1
1
56
30
-1
174
48
36
-1
96
192
264
-1
12
80
44
-1
-1
24
82
-1
56
384
-1
-1
2
-1
1
-1
82
176
18
-1
16
200
-1
-1
178
180
50
-1
209
576
6
-1
1
32
-1
-1
-1
96
-1
-1
-1
80
1
-1
36
48
-1
-1
84
-1
1
-1
-1
32
1
-1
42
60
-1
-1
1
-1
1
-1
120
560
2
-1
1
420
280
-1
14
16
28
-1
-1
640
20
-1
60
128
106
-1
20
-1
-1
-1
240
528
1
-1
30
336
-1
-1
176
168
30
-1
43
12
1
-1
1
432
42
-1
-1
144
30
-1
-1
480
24
-1
192
360
96
-1
1
-1
30
-1
40
652
42
-1
1
64
-1
-1
1
60
12
-1
-1
80
12
-1
48
260
288
-1
1
144
64
-1
-1
658
24
-1
66
320
20
-1
-1
-1
1
-1
252
-1
4
-1
108
384
-1
-1
1
192
1
-1
221
-1
1
-1
32
48
36
-1
12
40
1
-1
-1
144
-1
-1
1
64
132
-1
10
-1
1
-1
88
192
1
-1
1
132
-1
-1
1
192
-1
-1
96
144
1
-1
2
64
2
-1
144
16
1
-1
-1
144
1
-1
1
280
48
-1
4
-1
1
-1
300
512
96
-1
-1
264
-1
-1
1
4
1
-1
12
682
12
-1
5
-1
20
-1
1
144
4
-1
-1
588
20
-1
1
-1
96
-1
1
-1
6
-1
288
168
10
-1
25
352
-1
-1
6
176
1
-1
96
88
36
-1
308
24
-1
-1
1
120
30
-1
-1
208
-1
-1
69
60
56
-1
1
-1
1
-1
-1
144
6
-1
1
464
-1
-1
1
232
1
-1
32
160
4
-1
-1
96
288
-1
8
20
140
-1
-1
640
1
-1
1
320
92
-1
-1
-1
64
-1
10
184
36
-1
1
36
-1
-1
1
48
82
-1
210
-1
1
-1
10
468
24
-1
6
-1
1
-1
-1
660
288
-1
1
384
48
-1
1
-1
16
-1
144
712
44
-1
30
32
-1
-1
-1
238
-1
-1
128
718
1
-1
6
48
-1
-1
48
12
1
-1
-1
-1
-1
-1
260
480
64
-1
1
-1
36
-1
264
560
1
-1
40
440
-1
-1
1
32
2
-1
48
176
96
-1
1
486
44
-1
30
162
12
-1
-1
24
1
-1
30
144
20
-1
30
-1
292
-1
160
96
1
-1
84
336
-1
-1
48
168
96
-1
49
-1
56
-1
1
48
14
-1
1
48
66
-1
-1
576
1
-1
36
432
120
-1
1
-1
1
-1
240
742
-1
-1
18
480
-1
-1
18
48
12
-1
120
744
48
-1
-1
40
328
-1
12
164
44
-1
-1
636
1
-1
1
72
16
-1
160
-1
4
-1
14
24
1
-1
12
256
-1
-1
12
250
1
-1
144
600
1
-1
-1
80
288
-1
14
40
18
-1
-1
96
50
-1
1
-1
110
-1
1
-1
44
-1
24
760
44
-1
1
-1
-1
-1
4
252
22
-1
508
176
2
-1
1
384
256
-1
48
24
1
-1
-1
192
30
-1
24
144
-1
-1
4
-1
1
-1
48
20
1
-1
30
512
-1
-1
1
64
6
-1
68
16
102
-1
9
504
336
-1
48
88
78
-1
-1
768
4
-1
1
240
64
-1
92
-1
10
-1
344
720
1
-1
1
72
-1
-1
-1
192
84
-1
144
96
10
-1
4
504
48
-1
1
168
6
-1
-1
624
384
-1
6
-1
130
-1
110
-1
80
-1
240
240
288
-1
4
524
-1
-1
18
64
1
-1
96
672
1
-1
1
156
40
-1
246
-1
-1
-1
-1
224
-1
-1
1
72
52
-1
-1
-1
1
-1
348
48
1
-1
16
432
-1
-1
440
32
6
-1
128
640
1
-1
256
72
352
-1
1
104
-1
-1
-1
720
106
-1
1
528
72
-1
1
-1
72
-1
-1
720
44
-1
1
48
-1
-1
12
-1
144
-1
160
808
12
-1
120
432
220
-1
224
144
36
-1
-1
-1
1
-1
1
540
16
-1
1
-1
1
-1
360
224
100
-1
54
240
-1
-1
116
36
1
-1
108
816
-1
-1
4
288
288
-1
4
144
-1
-1
-1
192
42
-1
160
88
136
-1
10
-1
138
-1
48
32
1
-1
1
72
-1
-1
160
72
1
-1
252
160
48
-1
1
528
16
-1
52
24
1
-1
-1
40
1
-1
-1
552
138
-1
1
-1
1
-1
20
672
30
-1
132
552
-1
-1
64
276
1
-1
144
192
1
-1
84
-1
360
-1
238
24
16
-1
-1
240
1
-1
1
-1
168
-1
24
-1
2
-1
320
96
1
-1
1
64
-1
-1
48
280
18
-1
-1
240
10
-1
52
552
368
-1
1
48
1
-1
-1
832
8
-1
6
564
128
-1
88
-1
640
-1
4
192
1
-1
81
16
-1
-1
1
280
30
-1
160
720
130
-1
30
336
54
-1
-1
144
60
-1
-1
-1
66
-1
1
160
72
-1
336
-1
2
-1
48
672
12
-1
48
480
-1
-1
1
-1
96
-1
220
192
352
-1
1
12
384
-1
1
192
1
-1
-1
864
1
-1
1
344
80
-1
20
-1
-1
-1
48
264
-1
-1
-1
448
-1
-1
32
80
156
-1
246
112
1
-1
41
576
28
-1
66
96
1
-1
-1
256
12
-1
240
576
164
-1
-1
-1
1
-1
288
200
6
-1
1
584
-1
-1
250
292
36
-1
-1
192
1
-1
1
160
52
-1
1
24
80
-1
-1
96
1
-1
1
80
116
-1
58
-1
1
-1
-1
-1
60
-1
12
576
-1
-1
1
288
1
-1
592
128
126
-1
160
540
12
-1
20
16
1
-1
-1
828
-1
-1
-1
592
148
-1
1
-1
1
-1
8
216
12
-1
24
356
-1
-1
1
264
358
-1
144
256
28
-1
11
480
320
-1
2
160
1
-1
-1
-1
30
-1
1
88
64
-1
1
-1
22
-1
12
720
1
-1
-1
-1
-1
-1
432
-1
1
-1
168
240
110
-1
1
416
400
-1
80
200
1
-1
-1
910
12
-1
10
-1
144
-1
4
-1
2
-1
30
224
1
-1
21
480
-1
-1
30
88
48
-1
69
240
1
-1
1
328
-1
-1
1
192
46
-1
-1
260
6
-1
160
96
34
-1
2
-1
1
-1
320
840
60
-1
1
-1
-1
-1
1
240
-1
-1
12
144
12
-1
1
48
408
-1
44
204
156
-1
-1
-1
1
-1
-1
480
48
-1
-1
-1
1
-1
6
120
2
-1
1
620
-1
-1
60
80
1
-1
24
640
6
-1
52
576
384
-1
270
-1
-1
-1
-1
792
400
-1
-1
624
176
-1
1
-1
12
-1
200
264
1
-1
1
24
-1
-1
-1
48
-1
-1
144
928
1
-1
10
16
32
-1
18
144
36
-1
-1
216
36
-1
1
72
80
-1
1
-1
6
-1
48
720
1
-1
288
336
-1
-1
72
72
48
-1
32
952
6
-1
172
400
60
-1
1
-1
1
-1
-1
952
6
-1
144
380
140
-1
1
-1
14
-1
420
240
28
-1
410
48
-1
-1
64
256
1
-1
640
-1
1
-1
1
352
16
-1
72
212
112
-1
-1
768
1
-1
192
528
66
-1
4
-1
-1
-1
336
144
-1
-1
1
88
-1
-1
1
288
640
-1
12
240
-1
-1
1
192
432
-1
36
112
96
-1
-1
972
138
-1
440
480
60
-1
48
-1
1
-1
360
80
1
-1
24
96
-1
-1
1
324
1
-1
652
144
1
-1
-1
80
64
-1
1
96
1
-1
-1
192
130
-1
12
352
80
-1
20
-1
1
-1
65
896
1
-1
178
-1
-1
-1
70
276
96
-1
329
924
26
-1
4
92
320
-1
16
160
1
-1
-1
120
-1
-1
48
660
-1
-1
4
-1
210
-1
384
48
70
-1
33
656
-1
-1
1
12
12
-1
-1
996
44
-1
12
648
48
-1
1
120
1
-1
-1
720
1
-1
6
160
144
-1
1
-1
96
-1
64
-1
1
-1
1
528
-1
-1
-1
16
1
-1
192
16
22
-1
3
576
22
-1
4
192
24
-1
-1
264
60
-1
50
-1
144
-1
1
-1
1
-1
64
1012
432
-1
1
624
-1
-1
4
312
768
-1
144
312
-1
-1
96
48
28
-1
1
32
-1
-1
-1
1018
1
-1
2
48
16
-1
6
-1
20
-1
11
128
1
-1
1
40
-1
-1
4
300
1
-1
31
288
60
-1
320
648
-1
-1
292
64
1
-1
-1
-1
136
-1
440
48
294
-1
78
-1
4
-1
-1
1030
1
-1
1
112
-1
-1
1
48
174
-1
168
920
1
-1
10
36
352
-1
66
176
12
-1
-1
-1
18
-1
1
80
88
-1
1
-1
1
-1
24
768
60
-1
-1
692
-1
-1
18
88
8
-1
208
888
-1
-1
1
672
60
-1
12
32
110
-1
-1
40
2
-1
42
360
144
-1
132
-1
418
-1
464
1048
6
-1
1
72
-1
-1
-1
240
4
-1
160
96
1
-1
76
-1
96
-1
1
12
1
-1
-1
840
16
-1
-1
640
160
-1
1
-1
1
-1
10
144
-1
-1
36
108
-1
-1
1
80
1
-1
184
256
16
-1
100
-1
36
-1
1
232
30
-1
-1
864
1
-1
1
560
-1
-1
10
-1
100
-1
468
16
1
-1
1
704
-1
-1
2
80
48
-1
330
848
1
-1
106
576
384
-1
1
16
48
-1
-1
288
20
-1
1
96
178
-1
320
-1
20
-1
32
1072
84
-1
22
336
-1
-1
336
358
430
-1
359
288
480
-1
12
576
12
-1
-1
32
1
-1
-1
144
6
-1
51
336
-1
-1
1
-1
1
-1
480
328
12
-1
192
192
-1
-1
1
-1
216
-1
140
240
2
-1
1
660
440
-1
-1
220
1
-1
-1
336
480
-1
16
120
176
-1
1
-1
-1
-1
486
240
30
-1
4
96
-1
-1
72
96
52
-1
24
288
1
-1
180
-1
72
-1
1
240
40
-1
-1
48
12
-1
320
732
96
-1
1
-1
20
-1
336
1102
42
-1
144
-1
-1
-1
1
80
1
-1
-1
936
28
-1
24
384
48
-1
4
240
442
-1
-1
312
40
-1
1
576
36
-1
72
-1
1
-1
432
-1
1
-1
12
384
-1
-1
1
312
-1
-1
371
320
1
-1
11
96
480
-1
18
72
130
-1
-1
1008
-1
-1
-1
744
186
-1
1
-1
1
-1
40
1044
16
-1
-1
192
-1
-1
1
104
96
-1
318
168
16
-1
106
600
72
-1
12
200
1
-1
-1
16
86
-1
1
48
24
-1
1
-1
1
-1
2
48
1
-1
-1
96
-1
-1
48
80
42
-1
100
1020
150
-1
14
648
20
-1
24
216
28
-1
-1
1120
1
-1
1
-1
96
-1
6
-1
576
-1
-1
288
22
-1
1
576
-1
-1
320
288
1
-1
152
144
162
-1
132
756
-1
-1
6
36
12
-1
-1
288
1
-1
192
760
176
-1
40
-1
1
-1
384
960
144
-1
1
-1
-1
-1
78
112
1
-1
192
-1
12
-1
720
176
6
-1
552
256
96
-1
-1
1152
4
-1
1
480
20
-1
-1
-1
20
-1
512
240
6
-1
4
80
-1
-1
1
384
1
-1
16
48
1
-1
56
400
504
-1
1
-1
1
-1
-1
352
-1
-1
1
128
48
-1
84
-1
1
-1
240
1040
178
-1
240
464
-1
-1
1
96
-1
-1
72
996
1
-1
5
576
72
-1
12
24
18
-1
-1
40
1
-1
-1
704
96
-1
4
-1
6
-1
504
920
1
-1
368
48
-1
-1
44
48
192
-1
156
1080
160
-1
60
96
-1
-1
1
260
1
-1
-1
352
54
-1
1
96
240
-1
1
-1
210
-1
524
320
156
-1
7
624
-1
-1
6
96
220
-1
336
-1
1
-1
-1
720
26
-1
60
16
1
-1
-1
768
36
-1
48
792
224
-1
50
-1
6
-1
72
8
-1
-1
12
792
-1
-1
30
396
1
-1
48
1056
1
-1
1
476
432
-1
1
176
2
-1
-1
1080
1
-1
1
-1
80
-1
-1
-1
240
-1
72
12
92
-1
1
480
-1
-1
1
96
6
-1
60
960
48
-1
-1
36
528
-1
72
40
1
-1
-1
1200
66
-1
44
448
30
-1
44
-1
82
-1
48
1032
12
-1
30
-1
-1
-1
60
400
768
-1
808
344
4
-1
1
64
432
-1
22
216
4
-1
-1
324
1
-1
48
672
-1
-1
1
-1
2
-1
540
960
192
-1
60
112
-1
-1
1
108
30
-1
224
1222
160
-1
35
96
10
-1
-1
36
1
-1
-1
288
480
-1
1
336
204
-1
-1
-1
490
-1
36
1228
1
-1
3
520
-1
-1
-1
320
18
-1
192
48
1
-1
1
816
88
-1
1
272
48
-1
-1
320
1
-1
30
816
32
-1
-1
-1
1
-1
72
1236
480
-1
1
120
-1
-1
-1
348
58
-1
160
288
1
-1
1
96
528
-1
1
264
-1
-1
-1
288
190
-1
24
528
40
-1
82
-1
1
-1
552
328
10
-1
1
448
-1
-1
78
-1
1
-1
336
32
1
-1
16
828
552
-1
1
164
1
-1
-1
360
28
-1
42
64
192
-1
1
-1
1
-1
-1
356
12
-1
286
500
-1
-1
358
418
6
-1
240
288
1
-1
-1
576
-1
-1
12
-1
-1
-1
-1
-1
1
-1
108
-1
96
-1
96
-1
1
-1
64
880
20
-1
110
288
-1
-1
48
-1
22
-1
240
336
-1
-1
1
828
552
-1
1
-1
4
-1
-1
1200
1
-1
110
252
104
-1
480
-1
254
-1
564
1008
1
-1
1
640
-1
-1
256
120
1
-1
192
24
66
-1
1
840
16
-1
96
280
1
-1
-1
168
198
-1
-1
448
30
-1
60
-1
60
-1
336
320
48
-1
232
120
-1
-1
24
424
66
-1
-1
320
1
-1
6
-1
2
-1
1
240
816
-1
-1
1288
80
-1
30
240
84
-1
42
-1
1
-1
480
176
1
-1
120
120
-1
-1
164
430
1
-1
192
864
12
-1
64
864
12
-1
1
84
264
-1
-1
-1
172
-1
1
480
54
-1
624
-1
-1
-1
86
384
12
-1
1
192
-1
-1
20
96
36
-1
264
1296
768
-1
560
120
448
-1
-1
40
1
-1
-1
336
1
-1
1
864
112
-1
1
-1
-1
-1
576
1040
-1
-1
130
96
-1
-1
6
-1
140
-1
256
288
480
-1
20
384
576
-1
1
288
66
-1
-1
1104
90
-1
238
64
200
-1
1
-1
-1
-1
584
24
1
-1
1
132
-1
-1
80
320
60
-1
192
-1
2
-1
60
756
10
-1
1
252
216
-1
-1
64
1
-1
416
108
96
-1
1
-1
66
-1
80
1312
174
-1
4
884
-1
-1
6
442
1
-1
-1
1210
12
-1
-1
32
576
-1
1
36
128
-1
-1
192
6
-1
-1
704
128
-1
44
-1
1
-1
540
-1
1
-1
60
888
-1
-1
324
132
70
-1
414
380
84
-1
6
888
592
-1
14
176
12
-1
-1
1248
-1
-1
138
768
216
-1
1
-1
32
-1
89
1344
1
-1
52
-1
-1
-1
1
96
40
-1
256
1260
1
-1
21
24
480
-1
440
96
1
-1
-1
144
24
-1
1
800
-1
-1
1
-1
1
-1
88
1080
12
-1
-1
896
-1
-1
10
48
1
-1
180
48
30
-1
1
900
-1
-1
1
300
1
-1
-1
384
90
-1
1
-1
240
-1
4
-1
864
-1
52
1200
8
-1
3
576
-1
-1
12
288
48
-1
455
288
1
-1
4
160
-1
-1
1
160
1
-1
-1
1088
1
-1
136
96
224
-1
82
-1
-1
-1
480
320
6
-1
240
912
-1
-1
1
96
1
-1
240
1344
1
-1
65
72
41
-1
432
288
126
-1
-1
320
1
-1
1
100
260
-1
-1
-1
1
-1
96
48
1
-1
500
920
-1
-1
-1
96
18
-1
105
432
4
-1
276
616
-1
-1
88
-1
2
-1
-1
1384
40
-1
1
120
144
-1
40
-1
1
-1
48
-1
36
-1
1
276
-1
-1
1
448
-1
-1
-1
1280
198
-1
1
720
480
-1
6
-1
60
-1
-1
24
1
-1
22
928
120
-1
48
-1
126
-1
620
960
84
-1
84
932
-1
-1
12
32
6
-1
80
320
80
-1
16
-1
576
-1
6
288
1
-1
-1
192
20
-1
36
560
66
-1
12
-1
-1
-1
624
1408
1
-1
1
16
-1
-1
46
368
1
-1
264
-1
1
-1
1
512
24
-1
1
160
1
-1
-1
432
100
-1
256
928
232
-1
1
-1
1248
-1
16
1416
-1
-1
108
656
-1
-1
30
420
1
-1
216
1176
-1
-1
1
280
72
-1
1
24
10
-1
-1
48
22
-1
1
720
180
-1
18
-1
72
-1
42
288
1
-1
7
768
-1
-1
1
384
36
-1
952
960
56
-1
-1
128
40
-1
6
144
12
-1
-1
352
48
-1
1
120
238
-1
1
-1
1
-1
95
-1
40
-1
1
-1
-1
-1
84
128
880
-1
240
1438
768
-1
68
120
12
-1
96
-1
12
-1
-1
192
30
-1
100
864
-1
-1
4
-1
1
-1
22
-1
1
-1
2
520
-1
-1
696
64
1
-1
16
1440
48
-1
4
144
528
-1
1
264
66
-1
-1
1450
1
-1
12
160
144
-1
1
-1
246
-1
88
1452
-1
-1
1
96
-1
-1
-1
384
1
-1
240
96
-1
-1
8
972
96
-1
16
44
1
-1
-1
360
1
-1
82
144
486
-1
1
-1
1
-1
480
1080
576
-1
1
240
-1
-1
1
480
4
-1
10
360
1
-1
1
584
96
-1
38
160
-1
-1
-1
1344
1
-1
1
336
144
-1
416
-1
-1
-1
80
48
24
-1
40
96
-1
-1
1
490
172
-1
192
448
1
-1
464
960
88
-1
30
84
160
-1
-1
1476
-1
-1
8
528
112
-1
6
-1
1
-1
-1
1480
1
-1
-1
288
-1
-1
4
120
592
-1
462
1248
1
-1
18
720
92
-1
96
240
12
-1
-1
-1
18
-1
1
72
120
-1
10
-1
140
-1
660
72
2
-1
74
144
-1
-1
66
120
70
-1
48
384
-1
-1
22
-1
656
-1
1
328
4
-1
-1
96
1
-1
12
528
166
-1
44
-1
144
-1
648
1498
106
-1
10
800
-1
-1
320
16
1
-1
30
160
1
-1
60
128
160
-1
12
224
10
-1
-1
1008
78
-1
-1
480
-1
-1
1
-1
18
-1
528
336
192
-1
1
1004
-1
-1
430
144
1
-1
16
1510
1
-1
130
-1
576
-1
1
288
14
-1
-1
224
12
-1
6
144
264
-1
50
-1
1
-1
-1
400
116
-1
1
880
-1
-1
56
440
1
-1
1012
1152
4
-1
144
704
624
-1
1
24
1
-1
-1
352
12
-1
5
1008
312
-1
1
-1
178
-1
48
48
12
-1
18
88
-1
-1
1
508
92
-1
509
60
2
-1
1
768
48
-1
-1
256
276
-1
-1
192
1
-1
1
864
128
-1
-1
-1
24
-1
10
480
1
-1
306
144
-1
-1
6
-1
1
-1
288
192
640
-1
44
972
648
-1
10
48
1
-1
-1
1452
20
-1
30
240
-1
-1
1
-1
-1
-1
12
1536
246
-1
252
96
-1
-1
102
408
330
-1
515
408
10
-1
280
54
112
-1
1
336
1
-1
-1
384
1
-1
12
624
230
-1
442
-1
1
-1
36
384
192
-1
1
864
-1
-1
1
64
-1
-1
-1
368
238
-1
1
80
80
-1
180
344
6
-1
-1
1558
60
-1
-1
768
24
-1
8
-1
1
-1
692
-1
66
-1
-1
672
-1
-1
1
144
70
-1
444
80
1
-1
88
64
672
-1
1
48
1
-1
-1
1344
-1
-1
1
144
40
-1
6
-1
16
-1
90
384
1
-1
30
48
-1
-1
96
520
144
-1
1048
440
1
-1
1
640
36
-1
2
240
12
-1
-1
288
1
-1
182
32
96
-1
1
-1
30
-1
-1
216
1
-1
-1
960
-1
-1
1
96
162
-1
420
1582
48
-1
1
960
640
-1
60
40
1
-1
-1
492
48
-1
150
-1
144
-1
1
-1
32
-1
108
-1
1
-1
1
832
-1
-1
30
416
1
-1
256
-1
880
-1
1
1044
-1
-1
576
348
1
-1
-1
1120
28
-1
70
128
36
-1
1
-1
20
-1
560
440
30
-1
1
144
-1
-1
6
128
12
-1
16
1600
12
-1
6
256
704
-1
-1
352
64
-1
-1
1600
-1
-1
1
-1
212
-1
-1
-1
1
-1
576
424
126
-1
144
1056
-1
-1
12
72
4
-1
288
1056
12
-1
66
576
96
-1
1
-1
1
-1
-1
352
672
-1
292
1072
268
-1
96
-1
60
-1
336
192
12
-1
1
576
-1
-1
1
160
-1
-1
288
384
2
-1
1
120
576
-1
108
220
82
-1
-1
224
1
-1
12
576
144
-1
10
-1
40
-1
42
1200
28
-1
480
1080
-1
-1
230
16
190
-1
328
1440
6
-1
-1
1080
12
-1
1
360
12
-1
-1
400
52
-1
1
324
240
-1
2
-1
652
-1
660
464
250
-1
6
864
-1
-1
64
432
1
-1
336
-1
1
-1
1
48
120
-1
8
288
12
-1
-1
64
1
-1
80
-1
240
-1
1
-1
1
-1
96
504
-1
-1
1
160
-1
-1
1
544
336
-1
288
240
92
-1
132
552
-1
-1
516
48
658
-1
-1
1536
1
-1
1
800
48
-1
320
-1
1
-1
732
160
10
-1
96
1008
-1
-1
126
504
1
-1
551
48
8
-1
-1
1056
-1
-1
30
16
84
-1
-1
416
16
-1
1
936
78
-1
18
-1
2
-1
24
1500
-1
-1
18
-1
-1
-1
1
552
-1
-1
312
1536
1
-1
1
864
576
-1
96
40
84
-1
-1
120
768
-1
1
528
-1
-1
100
-1
1
-1
2
256
108
-1
288
1112
-1
-1
1
144
1
-1
320
1428
16
-1
4
336
96
-1
1
360
1
-1
-1
476
120
-1
1
16
42
-1
-1
-1
12
-1
744
1584
1
-1
22
768
-1
-1
-1
168
-1
-1
522
192
6
-1
1
12
4
-1
1
320
180
-1
-1
1344
48
-1
288
1120
168
-1
20
-1
6
-1
600
384
16
-1
672
144
-1
-1
1
-1
1
-1
16
480
20
-1
264
312
48
-1
384
368
-1
-1
-1
1320
1
-1
1
896
48
-1
10
-1
960
-1
96
32
1
-1
1
144
-1
-1
96
128
42
-1
170
528
1
-1
512
640
648
-1
102
224
-1
-1
-1
1560
66
-1
20
162
280
-1
178
-1
1
-1
-1
1704
1
-1
1
600
-1
-1
1
160
682
-1
288
520
60
-1
1
120
576
-1
-1
54
164
-1
-1
-1
4
-1
320
720
144
-1
1
-1
-1
-1
756
528
1
-1
294
960
-1
-1
1
72
1
-1
288
336
-1
-1
-1
48
760
-1
490
48
1
-1
-1
384
4
-1
-1
48
24
-1
12
-1
168
-1
-1
1720
1
-1
10
96
-1
-1
352
440
1
-1
-1
352
1
-1
4
1152
176
-1
1
384
6
-1
-1
1376
120
-1
-1
1152
48
-1
-1
-1
16
-1
480
1732
6
-1
60
1088
-1
-1
6
80
4
-1
240
400
1
-1
1
-1
80
-1
256
48
52
-1
-1
-1
1
-1
1
-1
48
-1
10
-1
1
-1
10
32
1
-1
30
624
-1
-1
1
492
82
-1
352
1392
1
-1
288
164
128
-1
12
112
1
-1
-1
264
232
-1
1
1040
260
-1
1
-1
66
-1
116
384
-1
-1
27
240
-1
-1
1
164
160
-1
498
-1
1
-1
28
864
576
-1
-1
288
1
-1
-1
12
60
-1
36
1168
40
-1
56
-1
1
-1
704
500
1
-1
160
144
-1
-1
6
-1
32
-1
460
1680
8
-1
1
1008
48
-1
48
208
288
-1
-1
1764
12
-1
1
80
90
-1
212
-1
-1
-1
96
1680
1
-1
12
928
-1
-1
18
464
30
-1
352
232
110
-1
28
1176
96
-1
220
-1
6
-1
-1
480
1
-1
-1
192
320
-1
1
-1
288
-1
624
1512
78
-1
48
1184
-1
-1
1
592
180
-1
-1
504
1
-1
1
160
720
-1
508
96
66
-1
-1
480
-1
-1
48
768
48
-1
48
-1
16
-1
792
-1
1
-1
20
-1
-1
-1
12
592
1
-1
8
1424
6
-1
178
1188
792
-1
260
192
30
-1
-1
384
-1
-1
1
96
66
-1
82
-1
324
-1
119
1792
1
-1
48
716
-1
-1
1
144
718
-1
135
448
30
-1
6
88
-1
-1
96
320
1
-1
-1
64
1
-1
1
1200
12
-1
204
-1
1
-1
60
480
28
-1
-1
1008
-1
-1
1
64
6
-1
120
1792
40
-1
1
176
36
-1
138
192
1
-1
-1
1810
1
-1
138
-1
100
-1
1
-1
1120
-1
28
432
4
-1
24
880
-1
-1
110
168
-1
-1
516
440
160
-1
172
1200
-1
-1
570
400
50
-1
-1
80
1
-1
352
1212
344
-1
42
-1
30
-1
64
384
486
-1
1
160
-1
-1
-1
576
18
-1
324
192
1
-1
1
96
672
-1
48
240
48
-1
-1
1740
280
-1
1
168
20
-1
-1
-1
84
-1
112
240
1
-1
1
192
-1
-1
480
552
88
-1
47
1464
130
-1
3
1152
96
-1
1
-1
1
-1
-1
1836
672
-1
240
184
288
-1
6
-1
10
-1
336
72
66
-1
1
160
-1
-1
60
612
-1
-1
1228
64
44
-1
-1
960
130
-1
96
320
40
-1
-1
480
96
-1
1
960
12
-1
70
-1
-1
-1
816
1440
24
-1
576
-1
-1
-1
48
12
1
-1
320
384
36
-1
1
1224
816
-1
6
408
36
-1
-1
528
52
-1
60
624
206
-1
1
-1
742
-1
120
1560
1008
-1
87
-1
-1
-1
12
48
156
-1
288
-1
1
-1
192
1188
96
-1
1
192
1
-1
-1
32
24
-1
372
1240
288
-1
8
-1
2
-1
132
240
-1
-1
1
1056
-1
-1
1
24
88
-1
328
504
1
-1
1
208
112
-1
84
384
318
-1
-1
540
1
-1
48
-1
32
-1
6
-1
1
-1
828
400
72
-1
1200
-1
-1
-1
1
176
48
-1
360
1472
1
-1
-1
576
64
-1
1
200
1536
-1
-1
1608
256
-1
1
1248
356
-1
1
-1
10
-1
125
-1
1
-1
1
-1
-1
-1
4
576
1200
-1
288
1888
1
-1
1
60
576
-1
20
32
440
-1
-1
216
60
-1
1
144
-1
-1
1
-1
192
-1
-1
576
1
-1
96
1248
-1
-1
1
80
1
-1
220
1728
-1
-1
156
576
12
-1
22
48
1
-1
-1
1900
1
-1
12
288
336
-1
4
-1
38
-1
828
288
60
-1
1
192
-1
-1
-1
32
390
-1
120
36
292
-1
12
688
126
-1
108
60
1
-1
-1
1520
1
-1
352
1008
42
-1
1
-1
288
-1
640
480
768
-1
12
144
-1
-1
594
560
12
-1
24
1912
4
-1
1
112
840
-1
1
420
-1
-1
-1
448
68
-1
1
820
168
-1
12
-1
1
-1
14
256
1
-1
-1
1280
-1
-1
264
640
1
-1
320
1200
1
-1
5
1272
120
-1
36
128
30
-1
-1
72
256
-1
1
896
320
-1
42
-1
1
-1
-1
1930
1
-1
84
384
-1
-1
12
528
2
-1
184
288
6
-1
1
-1
2
-1
42
336
12
-1
-1
-1
30
-1
1
1152
176
-1
1
-1
1
-1
120
1536
138
-1
96
640
-1
-1
18
12
24
-1
36
-1
-1
-1
20
1296
864
-1
50
432
12
-1
-1
288
1056
-1
1
96
-1
-1
1
-1
180
-1
20
552
58
-1
6
880
-1
-1
36
480
12
-1
384
48
52
-1
20
1080
192
-1
1
360
30
-1
-1
1408
1
-1
-1
24
324
-1
1
-1
18
-1
120
1760
126
-1
44
1304
-1
-1
1
652
80
-1
336
1872
4
-1
902
-1
864
-1
1
64
1248
-1
-1
1960
18
-1
80
1040
260
-1
-1
-1
1
-1
96
520
30
-1
1
144
-1
-1
1
80
1
-1
288
560
1
-1
40
1296
12
-1
-1
260
50
-1
-1
1972
262
-1
36
712
138
-1
1
-1
46
-1
64
560
1
-1
358
96
-1
-1
8
658
336
-1
24
624
1
-1
-1
224
132
-1
-1
320
1
-1
-1
16
8
-1
1
1320
-1
-1
1
-1
232
-1
756
-1
-1
-1
16
384
-1
-1
1
-1
1
-1
64
128
6
-1
6
840
108
-1
1080
384
1
-1
-1
560
8
-1
12
396
328
-1
20
-1
-1
-1
884
1992
30
-1
430
192
-1
-1
18
-1
-1
-1
55
176
6
-1
1
144
32
-1
880
48
6
-1
-1
1600
20
-1
640
1232
192
-1
1
-1
1
-1
704
2002
18
-1
1
144
-1
-1
10
144
4
-1
-1
1856
70
-1
2
96
888
-1
66
64
360
-1
-1
1680
1
-1
6
1056
380
-1
22
-1
34
-1
888
-1
40
-1
1
1200
-1
-1
44
192
1
-1
624
528
4
-1
12
36
768
-1
1
132
48
-1
-1
480
-1
-1
28
192
168
-1
1
-1
56
-1
-1
480
1
-1
1
400
-1
-1
1
144
404
-1
630
1760
10
-1
1
1080
24
-1
432
64
-1
-1
-1
432
1
-1
12
1248
144
-1
1
-1
4
-1
800
96
1
-1
-1
768
-1
-1
120
144
154
-1
60
-1
54
-1
16
96
896
-1
984
280
238
-1
-1
2032
1
-1
2
-1
48
-1
260
-1
14
-1
900
2038
30
-1
1
192
-1
-1
480
512
1
-1
384
72
1
-1
156
160
-1
-1
6
264
1
-1
-1
1632
-1
-1
17
1200
30
-1
42
-1
1
-1
576
64
288
-1
12
1364
-1
-1
154
682
12
-1
288
480
138
-1
1
320
160
-1
36
-1
192
-1
-1
584
1
-1
1
1088
136
-1
-1
-1
12
-1
96
544
1
-1
1
880
-1
-1
1
588
26
-1
320
312
1
-1
8
24
912
-1
6
-1
432
-1
-1
2062
6
-1
890
1344
336
-1
50
-1
1
-1
72
2064
116
-1
1
696
-1
-1
1
168
-1
-1
320
2068
54
-1
-1
80
100
-1
66
352
1
-1
-1
264
1
-1
1
96
48
-1
1
-1
48
-1
920
576
-1
-1
80
1376
-1
-1
592
88
1
-1
432
2076
276
-1
1
1080
77
-1
2
24
192
-1
-1
480
36
-1
1
-1
346
-1
32
-1
336
-1
120
432
66
-1
36
192
-1
-1
138
208
84
-1
-1
-1
74
-1
1
1344
138
-1
16
60
106
-1
-1
288
1
-1
384
880
16
-1
1
-1
6
-1
720
48
-1
-1
1
672
-1
-1
-1
144
40
-1
24
528
1
-1
1
836
928
-1
36
464
30
-1
-1
48
336
-1
9
960
60
-1
-1
-1
4
-1
932
-1
36
-1
44
160
-1
-1
24
160
1
-1
320
1680
1
-1
-1
760
-1
-1
1
96
1
-1
-1
1920
64
-1
28
1296
192
-1
20
-1
1
-1
280
512
1
-1
384
-1
-1
-1
156
640
30
-1
1408
1800
64
-1
1
1104
16
-1
138
320
1
-1
-1
-1
14
-1
6
216
-1
-1
-1
-1
22
-1
8
1664
164
-1
104
1200
-1
-1
54
184
100
-1
432
512
282
-1
72
200
928
-1
1
36
64
-1
-1
2124
132
-1
30
120
354
-1
1
-1
192
-1
164
2128
24
-1
1
1120
-1
-1
-1
-1
1
-1
84
280
48
-1
20
800
70
-1
1
468
1
-1
-1
1440
1
-1
30
1408
48
-1
40
-1
250
-1
720
88
336
-1
6
768
-1
-1
276
660
1
-1
288
2140
46
-1
2
424
768
-1
1
384
-1
-1
-1
2112
10
-1
1
192
60
-1
160
-1
44
-1
128
480
-1
-1
20
1424
-1
-1
1
712
1
-1
352
320
306
-1
672
160
120
-1
1
32
36
-1
-1
672
60
-1
40
176
-1
-1
28
-1
1
-1
-1
672
1
-1
1
860
-1
-1
20
718
192
-1
719
480
12
-1
1
432
120
-1
6
48
1
-1
-1
-1
2
-1
252
1224
192
-1
260
-1
102
-1
864
96
1
-1
432
204
-1
-1
1
-1
30
-1
-1
2160
-1
-1
1
1440
130
-1
1
480
432
-1
-1
480
6
-1
1
192
180
-1
1
-1
2
-1
144
2172
1
-1
384
216
-1
-1
448
560
1
-1
725
40
6
-1
1
1320
160
-1
90
440
1
-1
-1
-1
4
-1
-1
1452
242
-1
24
-1
1
-1
12
480
96
-1
1
128
-1
-1
1
176
12
-1
96
2184
1
-1
8
-1
972
-1
1
486
256
-1
-1
480
66
-1
1
96
360
-1
72
-1
44
-1
144
288
-1
-1
92
832
-1
-1
12
24
1
-1
90
1752
1
-1
400
720
60
-1
44
144
252
-1
-1
1872
292
-1
30
960
360
-1
624
-1
1
-1
146
48
1
-1
95
320
-1
-1
144
96
192
-1
336
2016
1
-1
1
160
14
-1
-1
336
8
-1
-1
504
1
-1
-1
144
48
-1
1
-1
1
-1
96
1536
48
-1
96
1320
-1
-1
1
-1
492
-1
448
672
160
-1
12
192
960
-1
1
48
1
-1
-1
16
1
-1
-1
884
738
-1
58
-1
-1
-1
132
640
30
-1
20
1152
-1
-1
36
576
1
-1
1480
72
4
-1
1
1296
36
-1
4
432
100
-1
-1
1760
48
-1
16
96
156
-1
70
-1
1
-1
720
2224
270
-1
12
-1
-1
-1
54
742
1
-1
-1
2112
6
-1
1
264
72
-1
1
480
414
-1
-1
288
70
-1
1
1040
72
-1
74
-1
480
-1
144
-1
1
-1
210
-1
-1
-1
-1
744
-1
-1
384
1536
1
-1
432
1476
-1
-1
1
40
1
-1
-1
512
-1
-1
396
-1
96
-1
320
-1
44
-1
132
2244
12
-1
10
96
-1
-1
-1
636
64
-1
749
512
1
-1
1
212
800
-1
480
72
1
-1
-1
96
1
-1
1
1500
160
-1
4
-1
30
-1
128
688
1056
-1
-1
1472
-1
-1
1
24
40
-1
84
2256
22
-1
12
1500
30
-1
1
256
1
-1
-1
1728
72
-1
1
-1
336
-1
68
-1
1440
-1
1004
576
1
-1
4
840
-1
-1
-1
600
1
-1
151
600
44
-1
4
112
-1
-1
6
80
54
-1
-1
576
72
-1
12
224
224
-1
36
-1
1
-1
144
2272
52
-1
348
1512
-1
-1
714
96
1
-1
400
288
12
-1
1
576
880
-1
20
-1
910
-1
-1
704
66
-1
360
1152
72
-1
-1
-1
1
-1
88
320
6
-1
1
1520
-1
-1
1
760
6
-1
352
648
36
-1
448
528
1008
-1
326
-1
1
-1
-1
60
960
-1
1
192
48
-1
1
-1
-1
-1
88
2184
20
-1
42
192
-1
-1
1
176
-1
-1
60
320
10
-1
1
1152
768
-1
656
384
1
-1
-1
576
10
-1
78
1528
192
-1
12
-1
1
-1
864
624
1
-1
65
1392
-1
-1
1
192
10
-1
480
576
2
-1
58
720
144
-1
1
144
20
-1
-1
552
1
-1
418
96
192
-1
658
-1
20
-1
972
576
1
-1
1
960
-1
-1
-1
20
20
-1
22
-1
-1
-1
27
160
10
-1
1
512
462
-1
-1
96
12
-1
9
192
16
-1
10
-1
6
-1
12
2160
-1
-1
1
1544
-1
-1
1
16
1
-1
408
2100
100
-1
48
448
54
-1
1
504
-1
-1
-1
1968
12
-1
12
1200
384
-1
480
-1
56
-1
52
-1
1
-1
110
1536
-1
-1
-1
768
1
-1
384
672
1
-1
-1
1296
864
-1
6
240
48
-1
-1
712
310
-1
1
240
368
-1
1
-1
1
-1
80
2304
358
-1
1
-1
-1
-1
330
720
1280
-1
779
2338
-1
-1
480
40
768
-1
12
72
6
-1
-1
288
1
-1
16
216
-1
-1
1
-1
20
-1
28
1584
140
-1
66
-1
-1
-1
18
96
1
-1
80
16
8
-1
1
72
64
-1
12
504
1
-1
-1
2350
80
-1
-1
368
336
-1
1
-1
66
-1
144
352
1
-1
1
192
-1
-1
-1
624
212
-1
384
160
1
-1
1
480
48
-1
1
-1
1
-1
-1
1856
144
-1
232
1572
440
-1
960
-1
110
-1
10
648
16
-1
-1
1568
-1
-1
1
240
1
-1
288
1872
1
-1
276
840
32
-1
1
524
-1
-1
-1
624
1
-1
246
168
216
-1
144
-1
132
-1
960
24
1
-1
860
880
-1
-1
1
672
70
-1
113
1800
6
-1
720
-1
960
-1
192
156
1
-1
-1
480
336
-1
48
1440
492
-1
1
-1
130
-1
-1
576
16
-1
3
384
-1
-1
1
224
952
-1
-1
600
1
-1
528
240
832
-1
20
72
1
-1
-1
-1
1
-1
4
192
-1
-1
250
-1
-1
-1
1044
600
12
-1
238
1592
-1
-1
682
48
140
-1
140
2392
-1
-1
12
1296
128
-1
160
432
-1
-1
-1
2392
1
-1
4
128
440
-1
4
-1
240
-1
144
2398
30
-1
1
1280
-1
-1
4
640
120
-1
1600
-1
1176
-1
1
240
256
-1
756
72
1
-1
-1
736
1
-1
-1
1600
400
-1
1
-1
1
-1
-1
2016
352
-1
9
192
-1
-1
240
720
1
-1
424
48
72
-1
1
-1
1056
-1
-1
528
1536
-1
-1
576
26
-1
1
1056
132
-1
66
-1
44
-1
72
528
6
-1
10
176
-1
-1
1
720
1
-1
352
704
60
-1
18
984
1072
-1
1
48
320
-1
-1
576
22
-1
1
120
192
-1
6
-1
4
-1
72
480
36
-1
6
768
-1
-1
84
808
10
-1
384
96
1
-1
1
1296
120
-1
-1
432
48
-1
-1
88
390
-1
1
192
224
-1
26
-1
1
-1
36
1944
1
-1
54
768
-1
-1
1
-1
-1
-1
300
2288
960
-1
884
64
1080
-1
336
540
100
-1
-1
768
1
-1
1
480
90
-1
4
-1
-1
-1
1080
2208
144
-1
1
240
-1
-1
48
224
1
-1
400
160
1
-1
116
1120
162
-1
40
240
16
-1
-1
-1
1
-1
3
1512
464
-1
4
-1
1
-1
864
480
80
-1
1
1632
-1
-1
10
816
132
-1
-1
-1
156
-1
1
980
6
-1
1
288
192
-1
-1
2458
1
-1
18
12
64
-1
704
-1
18
-1
-1
-1
1
-1
574
216
-1
-1
1
192
1
-1
504
1792
80
-1
112
1632
160
-1
22
88
1
-1
-1
2464
-1
-1
20
768
240
-1
2
-1
1
-1
46
2112
1
-1
6
240
-1
-1
36
32
462
-1
48
-1
12
-1
1
1200
800
-1
46
72
1
-1
-1
480
4
-1
420
1392
160
-1
132
-1
6
-1
1008
-1
1
-1
-1
232
-1
-1
1
160
1
-1
48
2280
330
-1
28
1584
1056
-1
1
528
108
-1
-1
2240
-1
-1
1
-1
416
-1
6
-1
48
-1
936
760
90
-1
78
576
-1
-1
82
40
1
-1
50
328
-1
-1
1
1656
-1
-1
300
552
292
-1
-1
80
90
-1
249
1536
192
-1
330
-1
16
-1
864
780
36
-1
64
1344
-1
-1
