1
1
1
-1
1
-1
1
-1
-1
-1
1
-1
1
-1
2
-1
1
-1
1
-1
-1
-1
1
-1
-1
-1
-1
-1
1
-1
1
-1
4
-1
2
-1
1
-1
-1
-1
1
-1
1
-1
-1
-1
1
-1
-1
-1
8
-1
1
-1
-1
-1
-1
-1
1
-1
1
-1
-1
-1
2
-1
1
-1
5
-1
1
-1
1
-1
-1
-1
4
-1
1
-1
-1
-1
1
-1
16
-1
6
-1
1
-1
2
-1
-1
-1
6
-1
1
-1
-1
-1
1
-1
1
-1
-1
-1
1
-1
1
-1
-1
-1
1
-1
10
-1
-1
-1
4
-1
-1
-1
4
-1
-1
-1
1
-1
-1
-1
1
-1
9
-1
-1
-1
1
-1
1
-1
11
-1
4
-1
6
-1
-1
-1
1
-1
1
-1
-1
-1
-1
-1
1
-1
6
-1
10
-1
1
-1
-1
-1
1
-1
-1
-1
-1
-1
1
-1
-1
-1
28
-1
1
-1
1
-1
-1
-1
6
-1
8
-1
-1
-1
1
-1
1
-1
-1
-1
1
-1
1
-1
-1
-1
-1
-1
-1
-1
-1
-1
6
-1
1
-1
12
-1
6
-1
4
-1
-1
-1
16
-1
1
-1
-1
-1
1
-1
1
-1
-1
-1
1
-1
22
-1
-1
-1
1
-1
1
-1
-1
-1
-1
-1
18
-1
8
-1
1
-1
-1
-1
2
-1
1
-1
18
-1
-1
-1
1
-1
4
-1
20
-1
1
-1
1
-1
-1
-1
-1
-1
1
-1
-1
-1
1
-1
1
-1
-1
-1
4
-1
-1
-1
-1
-1
1
-1
14
-1
-1
-1
10
-1
-1
-1
20
-1
-1
-1
1
-1
-1
-1
1
-1
1
-1
-1
-1
1
-1
6
-1
52
-1
8
-1
-1
-1
-1
-1
22
-1
1
-1
-1
-1
10
-1
1
-1
24
-1
10
-1
-1
-1
10
-1
1
-1
1
-1
-1
-1
1
-1
-1
-1
-1
-1
1
-1
-1
-1
-1
-1
24
-1
1
-1
-1
-1
12
-1
1
-1
-1
-1
2
-1
1
-1
-1
-1
1
-1
-1
-1
-1
-1
1
-1
20
-1
12
-1
4
-1
1
-1
-1
-1
1
-1
12
-1
-1
-1
12
-1
1
-1
16
-1
14
-1
20
-1
-1
-1
1
-1
1
-1
-1
-1
-1
-1
12
-1
-1
-1
1
-1
1
-1
8
-1
30
-1
1
-1
-1
-1
1
-1
40
-1
18
-1
1
-1
4
-1
-1
-1
12
-1
1
-1
-1
-1
1
-1
1
-1
-1
-1
1
-1
10
-1
-1
-1
12
-1
-1
-1
-1
-1
1
-1
9
-1
-1
-1
32
-1
1
-1
-1
-1
1
-1
48
-1
-1
-1
-1
-1
1
-1
41
-1
1
-1
-1
-1
-1
-1
1
-1
18
-1
-1
-1
16
-1
44
-1
42
-1
1
-1
1
-1
-1
-1
4
-1
-1
-1
-1
-1
8
-1
52
-1
88
-1
-1
-1
1
-1
-1
-1
18
-1
1
-1
-1
-1
6
-1
12
-1
-1
-1
1
-1
2
-1
4
-1
1
-1
48
-1
-1
-1
1
-1
1
-1
36
-1
-1
-1
1
-1
-1
-1
40
-1
12
-1
-1
-1
1
-1
18
-1
42
-1
1
-1
32
-1
-1
-1
1
-1
1
-1
-1
-1
-1
-1
1
-1
-1
-1
22
-1
1
-1
-1
-1
1
-1
1
-1
-1
-1
10
-1
-1
-1
-1
-1
16
-1
1
-1
-1
-1
6
-1
-1
-1
-1
-1
1
-1
1
-1
-1
-1
1
-1
28
-1
-1
-1
1
-1
-1
-1
-1
-1
1
-1
1
-1
-1
-1
6
-1
30
-1
-1
-1
10
-1
1
-1
-1
-1
1
-1
24
-1
112
-1
1
-1
16
-1
-1
-1
-1
-1
1
-1
-1
-1
22
-1
16
-1
28
-1
1
-1
6
-1
22
-1
4
-1
1
-1
-1
-1
20
-1
-1
-1
48
-1
1
-1
16
-1
-1
-1
-1
-1
1
-1
-1
-1
24
-1
1
-1
-1
-1
-1
-1
1
-1
-1
-1
1
-1
36
-1
-1
-1
26
-1
1
-1
100
-1
-1
-1
1
-1
-1
-1
1
-1
54
-1
-1
-1
14
-1
1
-1
128
-1
1
-1
-1
-1
-1
-1
12
-1
15
-1
-1
-1
4
-1
1
-1
65
-1
-1
-1
4
-1
24
-1
1
-1
22
-1
-1
-1
12
-1
20
-1
22
-1
1
-1
1
-1
-1
-1
54
-1
18
-1
-1
-1
1
-1
1
-1
-1
-1
1
-1
1
-1
-1
-1
-1
-1
82
-1
-1
-1
1
-1
-1
-1
12
-1
-1
-1
-1
-1
-1
-1
30
-1
1
-1
-1
-1
1
-1
1
-1
-1
-1
1
-1
42
-1
-1
-1
12
-1
30
-1
-1
-1
-1
-1
1
-1
12
-1
1
-1
1
-1
28
-1
1
-1
-1
-1
-1
-1
66
-1
44
-1
-1
-1
6
-1
48
-1
-1
-1
-1
-1
1
-1
-1
-1
1
-1
40
-1
-1
-1
12
-1
1
-1
-1
-1
4
-1
-1
-1
-1
-1
1
-1
-1
-1
60
-1
-1
-1
1
-1
-1
-1
1
-1
20
-1
-1
-1
1
-1
72
-1
78
-1
1
-1
-1
-1
12
-1
16
-1
-1
-1
-1
-1
64
-1
1
-1
-1
-1
1
-1
22
-1
-1
-1
1
-1
-1
-1
-1
-1
1
-1
42
-1
-1
-1
6
-1
1
-1
-1
-1
30
-1
1
-1
-1
-1
6
-1
8
-1
-1
-1
12
-1
1
-1
-1
-1
1
-1
-1
-1
-1
-1
1
-1
1
-1
-1
-1
-1
-1
-1
-1
-1
-1
1
-1
1
-1
-1
-1
16
-1
1
-1
172
-1
18
-1
-1
-1
-1
-1
1
-1
1
-1
-1
-1
-1
-1
12
-1
80
-1
1
-1
1
-1
-1
-1
16
-1
1
-1
-1
-1
6
-1
-1
-1
89
-1
40
-1
-1
-1
-1
-1
-1
-1
1
-1
-1
-1
1
-1
1
-1
-1
-1
1
-1
12
-1
-1
-1
1
-1
16
-1
-1
-1
1
-1
50
-1
-1
-1
36
-1
1
-1
-1
-1
84
-1
1
-1
-1
-1
-1
-1
1
-1
-1
-1
16
-1
112
-1
-1
-1
40
-1
81
-1
-1
-1
18
-1
36
-1
95
-1
1
-1
1
-1
-1
-1
40
-1
18
-1
-1
-1
1
-1
56
-1
48
-1
82
-1
1
-1
80
-1
-1
-1
52
-1
-1
-1
1
-1
-1
-1
-1
-1
1
-1
8
-1
-1
-1
1
-1
48
-1
-1
-1
18
-1
1
-1
40
-1
-1
-1
12
-1
-1
-1
6
-1
1
-1
-1
-1
1
-1
30
-1
-1
-1
1
-1
-1
-1
-1
-1
1
-1
1
-1
-1
-1
72
-1
1
-1
-1
-1
16
-1
24
-1
40
-1
14
-1
1
-1
-1
-1
88
-1
-1
-1
90
-1
1
-1
32
-1
-1
-1
-1
-1
36
-1
-1
-1
10
-1
90
-1
-1
-1
1
-1
1
-1
-1
-1
1
-1
256
-1
-1
-1
1
-1
1
-1
84
-1
2
-1
1
-1
-1
-1
1
-1
1
-1
-1
-1
1
-1
16
-1
-1
-1
20
-1
130
-1
-1
-1
1
-1
1
-1
-1
-1
-1
-1
1
-1
48
-1
-1
-1
12
-1
40
-1
12
-1
12
-1
-1
-1
6
-1
22
-1
96
-1
6
-1
16
-1
20
-1
-1
-1
35
-1
-1
-1
1
-1
66
-1
-1
-1
1
-1
-1
-1
-1
-1
1
-1
-1
-1
-1
-1
-1
-1
1
-1
44
-1
22
-1
36
-1
-1
-1
26
-1
90
-1
-1
-1
12
-1
1
-1
232
-1
20
-1
-1
-1
-1
-1
1
-1
40
-1
-1
-1
46
-1
54
-1
-1
-1
-1
-1
1
-1
-1
-1
1
-1
1
-1
-1
-1
1
-1
-1
-1
119
-1
1
-1
60
-1
-1
-1
-1
-1
1
-1
-1
-1
1
-1
1
-1
-1
-1
44
-1
1
-1
-1
-1
36
-1
72
-1
-1
-1
16
-1
1
-1
84
-1
-1
-1
-1
-1
48
-1
1
-1
1
-1
-1
-1
1
-1
1
-1
-1
-1
1
-1
4
-1
-1
-1
1
-1
36
-1
-1
-1
-1
-1
16
-1
125
-1
1
-1
80
-1
-1
-1
24
-1
-1
-1
-1
-1
1
-1
-1
-1
126
-1
22
-1
1
-1
-1
-1
48
-1
3
-1
-1
-1
22
-1
1
-1
-1
-1
32
-1
1
-1
22
-1
1
-1
-1
-1
-1
-1
1
-1
9
-1
12
-1
8
-1
1
-1
-1
-1
1
-1
-1
-1
-1
-1
120
-1
1
-1
-1
-1
1
-1
39
-1
-1
-1
14
-1
18
-1
-1
-1
-1
-1
1
-1
-1
-1
1
-1
6
-1
52
-1
1
-1
1
-1
-1
-1
1
-1
24
-1
-1
-1
1
-1
1
-1
-1
-1
-1
-1
1
-1
-1
-1
14
-1
60
-1
-1
-1
1
-1
6
-1
-1
-1
4
-1
44
-1
-1
-1
32
-1
18
-1
-1
-1
-1
-1
1
-1
-1
-1
50
-1
1
-1
-1
-1
1
-1
1
-1
138
-1
-1
-1
-1
-1
-1
-1
30
-1
-1
-1
-1
-1
48
-1
12
-1
280
-1
20
-1
1
-1
4
-1
1
-1
1
-1
-1
-1
-1
-1
-1
-1
140
-1
1
-1
-1
-1
-1
-1
-1
-1
80
-1
-1
-1
1
-1
1
-1
-1
-1
12
-1
3
-1
-1
-1
1
-1
172
-1
-1
-1
66
-1
1
-1
-1
-1
14
-1
1
-1
12
-1
-1
-1
1
-1
-1
-1
20
-1
1
-1
292
-1
4
-1
160
-1
-1
-1
6
-1
-1
-1
-1
-1
-1
-1
1
-1
72
-1
8
-1
1
-1
-1
-1
1
-1
1
-1
-1
-1
108
-1
178
-1
33
-1
64
-1
1
-1
-1
-1
-1
-1
66
-1
-1
-1
1
-1
-1
-1
-1
-1
30
-1
104
-1
-1
-1
1
-1
-1
-1
-1
-1
28
-1
1
-1
-1
-1
30
-1
164
-1
-1
-1
130
-1
144
-1
-1
-1
1
-1
-1
-1
60
-1
48
-1
6
-1
-1
-1
-1
-1
1
-1
-1
-1
6
-1
1
-1
-1
-1
1
-1
1
-1
-1
-1
1
-1
1
-1
-1
-1
66
-1
48
-1
-1
-1
1
-1
10
-1
-1
-1
18
-1
108
-1
-1
-1
1
-1
28
-1
-1
-1
1
-1
10
-1
-1
-1
1
-1
38
-1
-1
-1
30
-1
6
-1
64
-1
-1
-1
44
-1
-1
-1
1
-1
1
-1
-1
-1
36
-1
66
-1
144
-1
30
-1
96
-1
28
-1
1
-1
1
-1
-1
-1
160
-1
72
-1
162
-1
12
-1
20
-1
-1
-1
-1
-1
22
-1
-1
-1
1
-1
-1
-1
138
-1
1
-1
23
-1
-1
-1
30
-1
1
-1
-1
-1
30
-1
1
-1
-1
-1
1
-1
1
-1
2
-1
1
-1
-1
-1
-1
-1
-1
-1
1
-1
-1
-1
-1
-1
1
-1
-1
-1
66
-1
-1
-1
-1
-1
1
-1
1
-1
78
-1
52
-1
-1
-1
-1
-1
1
-1
-1
-1
-1
-1
16
-1
22
-1
30
-1
24
-1
1
-1
8
-1
-1
-1
2
-1
-1
-1
1
-1
14
-1
-1
-1
1
-1
54
-1
-1
-1
-1
-1
60
-1
-1
-1
1
-1
1
-1
-1
-1
1
-1
1
-1
64
-1
60
-1
90
-1
-1
-1
1
-1
3
-1
60
-1
-1
-1
-1
-1
-1
-1
1
-1
1
-1
-1
-1
24
-1
162
-1
-1
-1
32
-1
-1
-1
-1
-1
1
-1
1
-1
-1
-1
-1
-1
1
-1
-1
-1
1
-1
1
-1
-1
-1
24
-1
144
-1
-1
-1
1
-1
-1
-1
179
-1
6
-1
1
-1
-1
-1
144
-1
84
-1
-1
-1
82
-1
24
-1
-1
-1
60
-1
1
-1
-1
-1
84
-1
30
-1
-1
-1
-1
-1
12
-1
-1
-1
72
-1
-1
-1
-1
-1
6
-1
1
-1
-1
-1
1
-1
-1
-1
-1
-1
1
-1
16
-1
-1
-1
78
-1
1
-1
-1
-1
-1
-1
24
-1
156
-1
40
-1
-1
-1
72
-1
1
-1
1
-1
-1
-1
1
-1
192
-1
-1
-1
42
-1
1
-1
-1
-1
-1
-1
36
-1
-1
-1
144
-1
36
-1
-1
-1
1
-1
1
-1
-1
-1
1
-1
-1
-1
-1
-1
6
-1
1
-1
36
-1
72
-1
1
-1
-1
-1
6
-1
1
-1
-1
-1
1
-1
-1
-1
-1
-1
-1
-1
-1
-1
-1
-1
1
-1
1
-1
-1
-1
30
-1
60
-1
16
-1
30
-1
20
-1
-1
-1
88
-1
-1
-1
-1
-1
1
-1
232
-1
-1
-1
1
-1
1
-1
12
-1
30
-1
1
-1
-1
-1
1
-1
36
-1
-1
-1
1
-1
-1
-1
-1
-1
88
-1
-1
-1
-1
-1
80
-1
1
-1
-1
-1
-1
-1
1
-1
-1
-1
1
-1
1
-1
-1
-1
60
-1
1
-1
198
-1
1
-1
238
-1
176
-1
1
-1
-1
-1
-1
-1
144
-1
40
-1
-1
-1
1
-1
18
-1
-1
-1
1
-1
4
-1
-1
-1
1
-1
-1
-1
100
-1
172
-1
2
-1
-1
-1
162
-1
1
-1
-1
-1
1
-1
42
-1
-1
-1
1
-1
4
-1
-1
-1
12
-1
-1
-1
-1
-1
1
-1
20
-1
8
-1
8
-1
1
-1
-1
-1
40
-1
1
-1
-1
-1
1
-1
90
-1
174
-1
36
-1
-1
-1
-1
-1
12
-1
44
-1
-1
-1
82
-1
56
-1
-1
-1
8
-1
1
-1
82
-1
18
-1
192
-1
-1
-1
178
-1
50
-1
209
-1
6
-1
1
-1
-1
-1
-1
-1
-1
-1
-1
-1
1
-1
144
-1
-1
-1
84
-1
1
-1
-1
-1
1
-1
42
-1
-1
-1
1
-1
1
-1
-1
-1
48
-1
1
-1
-1
-1
14
-1
28
-1
-1
-1
20
-1
60
-1
212
-1
20
-1
-1
-1
-1
-1
1
-1
120
-1
-1
-1
-1
-1
90
-1
43
-1
1
-1
1
-1
168
-1
-1
-1
60
-1
-1
-1
24
-1
-1
-1
-1
-1
1
-1
30
-1
-1
-1
42
-1
1
-1
-1
-1
1
-1
12
-1
-1
-1
12
-1
48
-1
-1
-1
1
-1
-1
-1
-1
-1
-1
-1
198
-1
40
-1
-1
-1
1
-1
-1
-1
8
-1
-1
-1
-1
-1
1
-1
1
-1
221
-1
1
-1
-1
-1
-1
-1
48
-1
1
-1
-1
-1
-1
-1
1
-1
-1
-1
10
-1
1
-1
88
-1
1
-1
1
-1
-1
-1
1
-1
-1
-1
-1
-1
1
-1
24
-1
8
-1
-1
-1
1
-1
-1
-1
1
-1
1
-1
-1
-1
12
-1
1
-1
-1
-1
96
-1
-1
-1
-1
-1
1
-1
1
-1
12
-1
12
-1
20
-1
20
-1
1
-1
12
-1
-1
-1
20
-1
1
-1
-1
-1
1
-1
24
-1
-1
-1
10
-1
125
-1
-1
-1
12
-1
1
-1
-1
-1
72
-1
308
-1
-1
-1
1
-1
90
-1
-1
-1
-1
-1
69
-1
112
-1
1
-1
1
-1
-1
-1
24
-1
1
-1
-1
-1
1
-1
1
-1
-1
-1
4
-1
-1
-1
-1
-1
32
-1
140
-1
-1
-1
1
-1
36
-1
92
-1
-1
-1
128
-1
40
-1
36
-1
1
-1
-1
-1
1
-1
164
-1
210
-1
1
-1
40
-1
-1
-1
18
-1
1
-1
-1
-1
-1
-1
1
-1
48
-1
1
-1
16
-1
-1
-1
44
-1
90
-1
-1
-1
-1
-1
-1
-1
-1
-1
1
-1
6
-1
-1
-1
192
-1
1
-1
-1
-1
-1
-1
260
-1
-1
-1
1
-1
36
-1
-1
-1
1
-1
40
-1
-1
-1
1
-1
10
-1
48
-1
-1
-1
1
-1
-1
-1
30
-1
36
-1
-1
-1
1
-1
30
-1
40
-1
30
-1
292
-1
-1
-1
1
-1
336
-1
-1
-1
-1
-1
-1
-1
49
-1
56
-1
1
-1
56
-1
1
-1
66
-1
-1
-1
1
-1
144
-1
-1
-1
1
-1
1
-1
-1
-1
-1
-1
18
-1
-1
-1
90
-1
36
-1
-1
-1
48
-1
-1
-1
-1
-1
12
-1
44
-1
-1
-1
1
-1
1
-1
-1
-1
-1
-1
4
-1
14
-1
1
-1
12
-1
-1
-1
12
-1
1
-1
-1
-1
1
-1
-1
-1
-1
-1
56
-1
108
-1
-1
-1
50
-1
1
-1
110
-1
1
-1
88
-1
-1
-1
44
-1
1
-1
-1
-1
28
-1
22
-1
508
-1
6
-1
1
-1
-1
-1
48
-1
1
-1
-1
-1
30
-1
24
-1
-1
-1
16
-1
1
-1
-1
-1
1
-1
120
-1
-1
-1
1
-1
60
-1
68
-1
102
-1
81
-1
-1
-1
48
-1
78
-1
-1
-1
4
-1
1
-1
-1
-1
92
-1
80
-1
-1
-1
1
-1
1
-1
-1
-1
-1
-1
84
-1
-1
-1
50
-1
16
-1
-1
-1
1
-1
36
-1
-1
-1
-1
-1
96
-1
260
-1
110
-1
80
-1
-1
-1
-1
-1
8
-1
-1
-1
18
-1
1
-1
-1
-1
1
-1
1
-1
-1
-1
246
-1
-1
-1
-1
-1
-1
-1
1
-1
52
-1
-1
-1
1
-1
-1
-1
1
-1
48
-1
-1
-1
-1
-1
6
-1
-1
-1
1
-1
-1
-1
-1
-1
1
-1
-1
-1
-1
-1
106
-1
1
-1
-1
-1
1
-1
72
-1
-1
-1
44
-1
1
-1
-1
-1
12
-1
144
-1
-1
-1
12
-1
-1
-1
-1
-1
-1
-1
36
-1
-1
-1
1
-1
1
-1
-1
-1
1
-1
1
-1
-1
-1
100
-1
54
-1
-1
-1
116
-1
1
-1
108
-1
-1
-1
112
-1
-1
-1
64
-1
-1
-1
-1
-1
42
-1
-1
-1
136
-1
40
-1
138
-1
-1
-1
1
-1
1
-1
-1
-1
-1
-1
1
-1
252
-1
-1
-1
1
-1
-1
-1
52
-1
1
-1
-1
-1
1
-1
-1
-1
138
-1
1
-1
1
-1
100
-1
60
-1
132
-1
-1
-1
256
-1
1
-1
-1
-1
1
-1
336
-1
-1
-1
238
-1
-1
-1
-1
-1
1
-1
1
-1
-1
-1
96
-1
36
-1
-1
-1
1
-1
1
-1
-1
-1
48
-1
54
-1
-1
-1
20
-1
52
-1
-1
-1
1
-1
1
-1
-1
-1
192
-1
6
-1
-1
-1
88
-1
-1
-1
4
-1
1
-1
243
-1
-1
-1
1
-1
30
-1
-1
-1
130
-1
30
-1
-1
-1
-1
-1
60
-1
-1
-1
66
-1
1
-1
-1
-1
-1
-1
18
-1
-1
-1
12
-1
-1
-1
-1
-1
1
-1
-1
-1
220
-1
-1
-1
1
-1
-1
-1
1
-1
1
-1
-1
-1
1
-1
1
-1
-1
-1
20
-1
-1
-1
-1
-1
-1
-1
-1
-1
-1
-1
-1
-1
156
-1
246
-1
1
-1
41
-1
56
-1
66
-1
1
-1
-1
-1
12
-1
-1
-1
-1
-1
-1
-1
1
-1
-1
-1
216
-1
1
-1
-1
-1
250
-1
108
-1
-1
-1
1
-1
1
-1
52
-1
1
-1
-1
-1
-1
-1
1
-1
1
-1
116
-1
58
-1
1
-1
-1
-1
60
-1
12
-1
-1
-1
1
-1
1
-1
592
-1
126
-1
-1
-1
12
-1
20
-1
1
-1
-1
-1
-1
-1
-1
-1
148
-1
1
-1
1
-1
8
-1
24
-1
288
-1
-1
-1
1
-1
358
-1
-1
-1
28
-1
11
-1
-1
-1
12
-1
1
-1
-1
-1
30
-1
1
-1
-1
-1
1
-1
22
-1
48
-1
1
-1
-1
-1
-1
-1
-1
-1
1
-1
-1
-1
110
-1
1
-1
-1
-1
-1
-1
1
-1
-1
-1
12
-1
10
-1
288
-1
8
-1
16
-1
30
-1
1
-1
63
-1
-1
-1
30
-1
288
-1
69
-1
1
-1
1
-1
-1
-1
1
-1
138
-1
-1
-1
42
-1
-1
-1
34
-1
8
-1
1
-1
-1
-1
60
-1
1
-1
-1
-1
1
-1
-1
-1
-1
-1
24
-1
1
-1
-1
-1
44
-1
156
-1
-1
-1
1
-1
-1
-1
-1
-1
-1
-1
1
-1
12
-1
48
-1
1
-1
-1
-1
60
-1
1
-1
-1
-1
6
-1
52
-1
-1
-1
270
-1
-1
-1
-1
-1
-1
-1
-1
-1
-1
-1
1
-1
12
-1
-1
-1
1
-1
1
-1
-1
-1
-1
-1
-1
-1
144
-1
1
-1
30
-1
-1
-1
18
-1
108
-1
-1
-1
36
-1
1
-1
-1
-1
1
-1
6
-1
-1
-1
1
-1
-1
-1
-1
-1
72
-1
144
-1
-1
-1
36
-1
172
-1
-1
-1
1
-1
1
-1
-1
-1
12
-1
-1
-1
140
-1
1
-1
56
-1
-1
-1
28
-1
410
-1
-1
-1
256
-1
1
-1
640
-1
1
-1
1
-1
128
-1
-1
-1
112
-1
-1
-1
1
-1
192
-1
132
-1
8
-1
-1
-1
-1
-1
-1
-1
1
-1
-1
-1
1
-1
-1
-1
-1
-1
-1
-1
1
-1
-1
-1
144
-1
-1
-1
-1
-1
138
-1
440
-1
60
-1
-1
-1
1
-1
-1
-1
1
-1
-1
-1
-1
-1
1
-1
1
-1
652
-1
1
-1
-1
-1
-1
-1
1
-1
1
-1
-1
-1
130
-1
36
-1
-1
-1
20
-1
1
-1
130
-1
1
-1
178
-1
-1
-1
70
-1
-1
-1
329
-1
26
-1
16
-1
-1
-1
-1
-1
1
-1
-1
-1
-1
-1
48
-1
-1
-1
32
-1
210
-1
-1
-1
70
-1
33
-1
-1
-1
1
-1
36
-1
-1
-1
352
-1
12
-1
-1
-1
1
-1
1
-1
-1
-1
1
-1
18
-1
-1
-1
1
-1
-1
-1
-1
-1
1
-1
1
-1
-1
-1
-1
-1
1
-1
-1
-1
22
-1
27
-1
88
-1
4
-1
144
-1
-1
-1
60
-1
200
-1
-1
-1
1
-1
1
-1
-1
-1
-1
-1
1
-1
-1
-1
20
-1
-1
-1
-1
-1
-1
-1
-1
-1
28
-1
1
-1
-1
-1
-1
-1
1
-1
2
-1
16
-1
12
-1
20
-1
22
-1
1
-1
1
-1
-1
-1
4
-1
1
-1
31
-1
60
-1
-1
-1
-1
-1
292
-1
1
-1
-1
-1
136
-1
440
-1
294
-1
78
-1
36
-1
-1
-1
1
-1
1
-1
-1
-1
1
-1
174
-1
-1
-1
1
-1
200
-1
-1
-1
66
-1
24
-1
-1
-1
36
-1
1
-1
-1
-1
1
-1
1
-1
-1
-1
60
-1
-1
-1
-1
-1
18
-1
48
-1
-1
-1
-1
-1
1
-1
-1
-1
48
-1
110
-1
-1
-1
26
-1
42
-1
-1
-1
132
-1
418
-1
-1
-1
144
-1
1
-1
-1
-1
-1
-1
12
-1
-1
-1
1
-1
76
-1
-1
-1
1
-1
1
-1
-1
-1
16
-1
-1
-1
320
-1
1
-1
1
-1
40
-1
-1
-1
36
-1
-1
-1
1
-1
1
-1
-1
-1
16
-1
100
-1
-1
-1
1
-1
30
-1
-1
-1
1
-1
1
-1
-1
-1
10
-1
200
-1
-1
-1
1
-1
1
-1
-1
-1
12
-1
48
-1
330
-1
1
-1
424
-1
-1
-1
1
-1
144
-1
-1
-1
20
-1
1
-1
356
-1
-1
-1
20
-1
-1
-1
84
-1
66
-1
-1
-1
336
-1
430
-1
359
-1
-1
-1
12
-1
60
-1
-1
-1
1
-1
-1
-1
30
-1
51
-1
-1
-1
1
-1
1
-1
-1
-1
12
-1
-1
-1
-1
-1
1
-1
-1
-1
140
-1
8
-1
1
-1
-1
-1
-1
-1
1
-1
-1
-1
-1
-1
256
-1
-1
-1
1
-1
-1
-1
-1
-1
30
-1
48
-1
-1
-1
72
-1
52
-1
-1
-1
1
-1
180
-1
72
-1
1
-1
40
-1
-1
-1
288
-1
-1
-1
-1
-1
1
-1
200
-1
-1
-1
42
-1
-1
-1
-1
-1
1
-1
1
-1
-1
-1
28
-1
24
-1
-1
-1
60
-1
442
-1
-1
-1
80
-1
1
-1
36
-1
-1
-1
1
-1
-1
-1
1
-1
72
-1
-1
-1
1
-1
-1
-1
371
-1
1
-1
11
-1
-1
-1
72
-1
260
-1
-1
-1
-1
-1
-1
-1
186
-1
1
-1
1
-1
-1
-1
32
-1
-1
-1
-1
-1
1
-1
-1
-1
318
-1
16
-1
106
-1
-1
-1
96
-1
1
-1
-1
-1
86
-1
1
-1
-1
-1
1
-1
1
-1
4
-1
1
-1
-1
-1
-1
-1
48
-1
42
-1
100
-1
150
-1
14
-1
320
-1
24
-1
28
-1
-1
-1
1
-1
1
-1
-1
-1
6
-1
-1
-1
-1
-1
44
-1
1
-1
-1
-1
-1
-1
1
-1
152
-1
162
-1
528
-1
-1
-1
66
-1
72
-1
-1
-1
1
-1
-1
-1
-1
-1
160
-1
1
-1
-1
-1
144
-1
1
-1
-1
-1
78
-1
1
-1
-1
-1
12
-1
-1
-1
24
-1
-1
-1
-1
-1
-1
-1
4
-1
1
-1
-1
-1
-1
-1
20
-1
-1
-1
30
-1
16
-1
-1
-1
1
-1
1
-1
-1
-1
1
-1
224
-1
-1
-1
1
-1
1
-1
-1
-1
-1
-1
1
-1
48
-1
84
-1
1
-1
-1
-1
178
-1
-1
-1
-1
-1
1
-1
-1
-1
72
-1
1
-1
25
-1
-1
-1
24
-1
54
-1
-1
-1
1
-1
-1
-1
-1
-1
20
-1
6
-1
-1
-1
1
-1
-1
-1
-1
-1
176
-1
-1
-1
156
-1
-1
-1
120
-1
-1
-1
1
-1
1
-1
-1
-1
54
-1
1
-1
-1
-1
1
-1
210
-1
-1
-1
156
-1
35
-1
-1
-1
144
-1
220
-1
336
-1
1
-1
-1
-1
104
-1
60
-1
1
-1
-1
-1
72
-1
48
-1
-1
-1
50
-1
6
-1
-1
-1
-1
-1
48
-1
-1
-1
30
-1
1
-1
-1
-1
1
-1
1
-1
-1
-1
1
-1
16
-1
-1
-1
1
-1
1
-1
160
-1
-1
-1
-1
-1
-1
-1
184
-1
1
-1
-1
-1
1
-1
6
-1
60
-1
-1
-1
-1
-1
-1
-1
72
-1
1
-1
-1
-1
66
-1
132
-1
30
-1
44
-1
82
-1
-1
-1
12
-1
30
-1
-1
-1
60
-1
-1
-1
808
-1
56
-1
1
-1
-1
-1
66
-1
12
-1
-1
-1
1
-1
48
-1
-1
-1
1
-1
16
-1
-1
-1
384
-1
240
-1
-1
-1
1
-1
180
-1
-1
-1
-1
-1
35
-1
10
-1
-1
-1
1
-1
-1
-1
-1
-1
1
-1
204
-1
-1
-1
490
-1
36
-1
1
-1
162
-1
-1
-1
-1
-1
54
-1
-1
-1
1
-1
1
-1
-1
-1
1
-1
96
-1
-1
-1
1
-1
30
-1
-1
-1
-1
-1
1
-1
-1
-1
-1
-1
1
-1
-1
-1
-1
-1
174
-1
-1
-1
1
-1
1
-1
-1
-1
1
-1
-1
-1
-1
-1
190
-1
48
-1
-1
-1
82
-1
1
-1
-1
-1
30
-1
1
-1
-1
-1
78
-1
1
-1
336
-1
1
-1
-1
-1
-1
-1
1
-1
1
-1
-1
-1
112
-1
42
-1
-1
-1
1
-1
1
-1
-1
-1
12
-1
286
-1
-1
-1
358
-1
24
-1
-1
-1
1
-1
-1
-1
-1
-1
48
-1
-1
-1
-1
-1
1
-1
324
-1
-1
-1
96
-1
1
-1
-1
-1
20
-1
110
-1
-1
-1
48
-1
110
-1
-1
-1
-1
-1
1
-1
-1
-1
1
-1
32
-1
-1
-1
1
-1
330
-1
208
-1
-1
-1
254
-1
-1
-1
1
-1
1
-1
-1
-1
-1
-1
1
-1
-1
-1
66
-1
1
-1
-1
-1
-1
-1
1
-1
-1
-1
198
-1
-1
-1
30
-1
60
-1
60
-1
-1
-1
-1
-1
232
-1
-1
-1
96
-1
198
-1
-1
-1
1
-1
54
-1
4
-1
1
-1
-1
-1
-1
-1
-1
-1
90
-1
84
-1
168
-1
1
-1
-1
-1
1
-1
360
-1
-1
-1
164
-1
1
-1
-1
-1
12
-1
-1
-1
-1
-1
1
-1
264
-1
-1
-1
172
-1
1
-1
54
-1
-1
-1
-1
-1
172
-1
12
-1
1
-1
-1
-1
80
-1
36
-1
-1
-1
-1
-1
560
-1
-1
-1
-1
-1
1
-1
-1
-1
1
-1
1
-1
-1
-1
1
-1
-1
-1
-1
-1
-1
-1
520
-1
-1
-1
6
-1
140
-1
-1
-1
-1
-1
20
-1
-1
-1
1
-1
198
-1
-1
-1
90
-1
238
-1
-1
-1
1
-1
-1
-1
-1
-1
1
-1
1
-1
-1
-1
-1
-1
60
-1
-1
-1
8
-1
60
-1
80
-1
1
-1
-1
-1
-1
-1
1
-1
-1
-1
-1
-1
1
-1
66
-1
-1
-1
174
-1
24
-1
-1
-1
48
-1
1
-1
-1
-1
12
-1
-1
-1
-1
-1
1
-1
-1
-1
-1
-1
12
-1
-1
-1
-1
-1
44
-1
1
-1
-1
-1
1
-1
60
-1
-1
-1
324
-1
70
-1
414
-1
84
-1
48
-1
-1
-1
42
-1
60
-1
-1
-1
-1
-1
414
-1
-1
-1
1
-1
64
-1
178
-1
1
-1
208
-1
-1
-1
1
-1
40
-1
-1
-1
1
-1
21
-1
-1
-1
-1
-1
1
-1
-1
-1
24
-1
1
-1
-1
-1
1
-1
1
-1
-1
-1
24
-1
-1
-1
-1
-1
40
-1
1
-1
180
-1
30
-1
1
-1
-1
-1
1
-1
1
-1
-1
-1
90
-1
1
-1
-1
-1
8
-1
-1
-1
52
-1
8
-1
63
-1
-1
-1
12
-1
-1
-1
455
-1
1
-1
4
-1
-1
-1
1
-1
1
-1
-1
-1
1
-1
136
-1
-1
-1
82
-1
-1
-1
-1
-1
12
-1
240
-1
-1
-1
1
-1
1
-1
-1
-1
1
-1
65
-1
82
-1
-1
-1
126
-1
-1
-1
1
-1
1
-1
-1
-1
-1
-1
1
-1
-1
-1
1
-1
500
-1
-1
-1
-1
-1
18
-1
105
-1
4
-1
276
-1
-1
-1
88
-1
18
-1
-1
-1
-1
-1
1
-1
-1
-1
40
-1
1
-1
-1
-1
36
-1
1
-1
-1
-1
1
-1
-1
-1
-1
-1
198
-1
1
-1
-1
-1
6
-1
180
-1
-1
-1
1
-1
88
-1
-1
-1
192
-1
126
-1
-1
-1
84
-1
84
-1
-1
-1
12
-1
90
-1
80
-1
80
-1
16
-1
-1
-1
72
-1
1
-1
-1
-1
40
-1
432
-1
66
-1
12
-1
-1
-1
-1
-1
1
-1
1
-1
-1
-1
184
-1
1
-1
-1
-1
1
-1
1
-1
-1
-1
1
-1
1
-1
-1
-1
100
-1
-1
-1
464
-1
1
-1
-1
-1
-1
-1
-1
-1
324
-1
-1
-1
90
-1
1
-1
-1
-1
-1
-1
1
-1
-1
-1
1
-1
10
-1
-1
-1
44
-1
1
-1
180
-1
54
-1
72
-1
84
-1
1
-1
49
-1
-1
-1
1
-1
-1
-1
952
-1
112
-1
-1
-1
40
-1
24
-1
60
-1
-1
-1
-1
-1
1
-1
476
-1
1
-1
1
-1
95
-1
40
-1
1
-1
-1
-1
84
-1
-1
-1
-1
-1
-1
-1
68
-1
384
-1
384
-1
36
-1
-1
-1
30
-1
100
-1
-1
-1
4
-1
1
-1
88
-1
1
-1
16
-1
-1
-1
-1
-1
1
-1
16
-1
-1
-1
80
-1
-1
-1
1
-1
198
-1
-1
-1
1
-1
36
-1
-1
-1
1
-1
246
-1
-1
-1
-1
-1
1
-1
-1
-1
-1
-1
1
-1
-1
-1
-1
-1
8
-1
96
-1
64
-1
1
-1
-1
-1
1
-1
164
-1
486
-1
1
-1
1
-1
-1
-1
-1
-1
1
-1
-1
-1
1
-1
40
-1
160
-1
1
-1
1
-1
-1
-1
38
-1
-1
-1
-1
-1
1
-1
1
-1
-1
-1
-1
-1
-1
-1
-1
-1
24
-1
40
-1
-1
-1
1
-1
344
-1
-1
-1
1
-1
-1
-1
88
-1
30
-1
320
-1
-1
-1
-1
-1
96
-1
112
-1
30
-1
1
-1
-1
-1
1
-1
-1
-1
-1
-1
16
-1
592
-1
462
-1
1
-1
72
-1
-1
-1
-1
-1
36
-1
-1
-1
18
-1
1
-1
-1
-1
60
-1
140
-1
-1
-1
44
-1
296
-1
-1
-1
66
-1
210
-1
-1
-1
-1
-1
22
-1
-1
-1
1
-1
12
-1
-1
-1
1
-1
48
-1
166
-1
44
-1
-1
-1
-1
-1
106
-1
160
-1
-1
-1
-1
-1
1
-1
30
-1
1
-1
60
-1
-1
-1
12
-1
30
-1
-1
-1
78
-1
-1
-1
-1
-1
1
-1
162
-1
-1
-1
-1
-1
1
-1
-1
-1
430
-1
1
-1
-1
-1
1
-1
130
-1
-1
-1
1
-1
28
-1
-1
-1
12
-1
12
-1
-1
-1
50
-1
1
-1
-1
-1
116
-1
1
-1
-1
-1
56
-1
1
-1
1012
-1
4
-1
576
-1
-1
-1
1
-1
1
-1
-1
-1
12
-1
45
-1
-1
-1
1
-1
356
-1
-1
-1
12
-1
72
-1
-1
-1
1
-1
92
-1
509
-1
14
-1
1
-1
-1
-1
-1
-1
276
-1
-1
-1
1
-1
1
-1
-1
-1
-1
-1
24
-1
440
-1
1
-1
306
-1
-1
-1
12
-1
1
-1
-1
-1
-1
-1
44
-1
-1
-1
50
-1
1
-1
-1
-1
20
-1
90
-1
-1
-1
1
-1
-1
-1
84
-1
246
-1
-1
-1
-1
-1
102
-1
330
-1
515
-1
50
-1
280
-1
-1
-1
1
-1
1
-1
-1
-1
1
-1
384
-1
230
-1
442
-1
1
-1
-1
-1
-1
-1
1
-1
-1
-1
1
-1
-1
-1
-1
-1
238
-1
1
-1
-1
-1
180
-1
168
-1
-1
-1
60
-1
-1
-1
48
-1
32
-1
1
-1
-1
-1
198
-1
-1
-1
-1
-1
1
-1
140
-1
444
-1
1
-1
88
-1
-1
-1
1
-1
1
-1
-1
-1
-1
-1
1
-1
-1
-1
30
-1
16
-1
180
-1
1
-1
90
-1
-1
-1
-1
-1
144
-1
1048
-1
1
-1
1
-1
180
-1
48
-1
96
-1
-1
-1
1
-1
182
-1
-1
-1
1
-1
30
-1
-1
-1
1
-1
-1
-1
-1
-1
1
-1
486
-1
420
-1
-1
-1
1
-1
-1
-1
240
-1
1
-1
-1
-1
96
-1
150
-1
-1
-1
1
-1
-1
-1
-1
-1
1
-1
1
-1
-1
-1
180
-1
1
-1
-1
-1
-1
-1
1
-1
-1
-1
-1
-1
1
-1
-1
-1
28
-1
70
-1
72
-1
1
-1
20
-1
-1
-1
30
-1
1
-1
-1
-1
6
-1
72
-1
-1
-1
12
-1
96
-1
-1
-1
-1
-1
64
-1
-1
-1
-1
-1
1
-1
212
-1
-1
-1
1
-1
-1
-1
126
-1
432
-1
-1
-1
24
-1
4
-1
-1
-1
24
-1
264
-1
-1
-1
1
-1
1
-1
-1
-1
-1
-1
292
-1
268
-1
-1
-1
60
-1
-1
-1
12
-1
1
-1
-1
-1
1
-1
-1
-1
-1
-1
10
-1
1
-1
-1
-1
432
-1
246
-1
-1
-1
1
-1
12
-1
-1
-1
10
-1
80
-1
84
-1
56
-1
-1
-1
-1
-1
230
-1
190
-1
-1
-1
6
-1
-1
-1
24
-1
1
-1
24
-1
-1
-1
52
-1
1
-1
-1
-1
46
-1
652
-1
-1
-1
250
-1
30
-1
-1
-1
-1
-1
1
-1
-1
-1
1
-1
1
-1
-1
-1
8
-1
36
-1
-1
-1
1
-1
-1
-1
-1
-1
1
-1
1
-1
-1
-1
-1
-1
1
-1
-1
-1
1
-1
336
-1
-1
-1
92
-1
132
-1
-1
-1
516
-1
658
-1
-1
-1
1
-1
4
-1
-1
-1
-1
-1
1
-1
-1
-1
100
-1
96
-1
-1
-1
126
-1
1
-1
551
-1
8
-1
-1
-1
-1
-1
30
-1
252
-1
-1
-1
16
-1
1
-1
78
-1
18
-1
16
-1
24
-1
-1
-1
54
-1
-1
-1
1
-1
-1
-1
-1
-1
1
-1
1
-1
-1
-1
-1
-1
168
-1
-1
-1
-1
-1
1
-1
-1
-1
100
-1
1
-1
8
-1
108
-1
-1
-1
-1
-1
1
-1
1
-1
-1
-1
16
-1
12
-1
-1
-1
1
-1
1
-1
-1
-1
240
-1
1
-1
42
-1
-1
-1
96
-1
-1
-1
1
-1
22
-1
-1
-1
-1
-1
-1
-1
522
-1
6
-1
1
-1
32
-1
1
-1
180
-1
-1
-1
48
-1
-1
-1
-1
-1
80
-1
6
-1
-1
-1
384
-1
-1
-1
-1
-1
1
-1
1
-1
-1
-1
20
-1
-1
-1
-1
-1
-1
-1
-1
-1
-1
-1
1
-1
1
-1
-1
-1
10
-1
-1
-1
-1
-1
1
-1
1
-1
-1
-1
96
-1
126
-1
170
-1
1
-1
-1
-1
-1
-1
102
-1
-1
-1
-1
-1
66
-1
40
-1
560
-1
178
-1
1
-1
-1
-1
1
-1
1
-1
-1
-1
1
-1
682
-1
-1
-1
60
-1
1
-1
-1
-1
-1
-1
164
-1
-1
-1
96
-1
-1
-1
-1
-1
1
-1
-1
-1
-1
-1
1
-1
294
-1
-1
-1
1
-1
1
-1
-1
-1
-1
-1
-1
-1
-1
-1
490
-1
1
-1
-1
-1
8
-1
-1
-1
24
-1
48
-1
-1
-1
-1
-1
1
-1
30
-1
-1
-1
-1
-1
1
-1
-1
-1
1
-1
4
-1
-1
-1
1
-1
48
-1
-1
-1
-1
-1
-1
-1
48
-1
-1
-1
112
-1
-1
-1
216
-1
180
-1
-1
-1
30
-1
52
-1
-1
-1
1
-1
1
-1
-1
-1
-1
-1
104
-1
-1
-1
1
-1
1
-1
-1
-1
20
-1
1
-1
10
-1
1
-1
90
-1
-1
-1
1
-1
246
-1
-1
-1
1
-1
-1
-1
-1
-1
48
-1
1
-1
-1
-1
232
-1
1
-1
260
-1
1
-1
66
-1
116
-1
-1
-1
81
-1
-1
-1
1
-1
-1
-1
498
-1
1
-1
112
-1
-1
-1
-1
-1
1
-1
-1
-1
60
-1
108
-1
-1
-1
56
-1
1
-1
-1
-1
1
-1
640
-1
-1
-1
18
-1
64
-1
460
-1
8
-1
1
-1
-1
-1
48
-1
-1
-1
-1
-1
12
-1
1
-1
90
-1
212
-1
-1
-1
-1
-1
1
-1
288
-1
-1
-1
432
-1
90
-1
-1
-1
110
-1
56
-1
-1
-1
220
-1
6
-1
-1
-1
1
-1
-1
-1
-1
-1
1
-1
-1
-1
-1
-1
78
-1
48
-1
-1
-1
1
-1
360
-1
-1
-1
1
-1
1
-1
-1
-1
508
-1
66
-1
-1
-1
-1
-1
576
-1
48
-1
48
-1
16
-1
-1
-1
1
-1
20
-1
-1
-1
48
-1
1
-1
-1
-1
24
-1
712
-1
-1
-1
260
-1
150
-1
-1
-1
-1
-1
1
-1
132
-1
82
-1
324
-1
119
-1
1
-1
-1
-1
-1
-1
1
-1
718
-1
135
-1
30
-1
54
-1
-1
-1
-1
-1
1
-1
-1
-1
1
-1
1
-1
-1
-1
204
-1
1
-1
60
-1
28
-1
-1
-1
-1
-1
1
-1
6
-1
120
-1
40
-1
1
-1
-1
-1
138
-1
1
-1
-1
-1
1
-1
138
-1
200
-1
1
-1
-1
-1
28
-1
96
-1
24
-1
-1
-1
110
-1
-1
-1
516
-1
-1
-1
172
-1
-1
-1
570
-1
50
-1
-1
-1
1
-1
-1
-1
-1
-1
42
-1
30
-1
-1
-1
486
-1
1
-1
-1
-1
-1
-1
54
-1
-1
-1
1
-1
1
-1
-1
-1
48
-1
-1
-1
-1
-1
280
-1
1
-1
20
-1
-1
-1
84
-1
-1
-1
1
-1
1
-1
-1
-1
-1
-1
88
-1
47
-1
130
-1
48
-1
-1
-1
1
-1
1
-1
-1
-1
-1
-1
-1
-1
-1
-1
12
-1
90
-1
-1
-1
66
-1
1
-1
-1
-1
120
-1
-1
-1
1228
-1
44
-1
-1
-1
130
-1
-1
-1
40
-1
-1
-1
96
-1
1
-1
384
-1
280
-1
-1
-1
-1
-1
48
-1
-1
-1
-1
-1
48
-1
1
-1
-1
-1
36
-1
1
-1
-1
-1
120
-1
36
-1
-1
-1
52
-1
240
-1
206
-1
1
-1
742
-1
-1
-1
-1
-1
261
-1
-1
-1
48
-1
156
-1
-1
-1
1
-1
768
-1
-1
-1
1
-1
1
-1
-1
-1
24
-1
372
-1
-1
-1
32
-1
10
-1
132
-1
-1
-1
1
-1
-1
-1
1
-1
264
-1
-1
-1
1
-1
1
-1
112
-1
84
-1
318
-1
-1
-1
1
-1
576
-1
-1
-1
6
-1
1
-1
-1
-1
-1
-1
-1
-1
-1
-1
1
-1
144
-1
-1
-1
1
-1
-1
-1
-1
-1
1
-1
-1
-1
-1
-1
-1
-1
1
-1
-1
-1
1
-1
90
-1
250
-1
1
-1
1
-1
-1
-1
12
-1
-1
-1
-1
-1
1
-1
1
-1
-1
-1
640
-1
-1
-1
-1
-1
120
-1
1
-1
-1
-1
1
-1
-1
-1
-1
-1
1
-1
-1
-1
-1
-1
1
-1
1
-1
220
-1
-1
-1
156
-1
24
-1
22
-1
1
-1
-1
-1
1
-1
12
-1
-1
-1
44
-1
38
-1
-1
-1
120
-1
1
-1
-1
-1
-1
-1
390
-1
120
-1
292
-1
192
-1
504
-1
108
-1
1
-1
-1
-1
1
-1
-1
-1
42
-1
1
-1
-1
-1
-1
-1
-1
-1
108
-1
-1
-1
594
-1
12
-1
-1
-1
320
-1
1
-1
-1
-1
1
-1
-1
-1
-1
-1
68
-1
1
-1
-1
-1
48
-1
1
-1
28
-1
1
-1
-1
-1
-1
-1
264
-1
1
-1
-1
-1
1
-1
110
-1
-1
-1
144
-1
150
-1
-1
-1
256
-1
1
-1
-1
-1
42
-1
1
-1
-1
-1
1
-1
84
-1
-1
-1
108
-1
192
-1
184
-1
6
-1
1
-1
2
-1
42
-1
36
-1
-1
-1
60
-1
1
-1
-1
-1
1
-1
1
-1
-1
-1
138
-1
96
-1
-1
-1
144
-1
72
-1
36
-1
-1
-1
100
-1
-1
-1
250
-1
36
-1
-1
-1
-1
-1
1
-1
-1
-1
1
-1
180
-1
80
-1
58
-1
6
-1
-1
-1
36
-1
36
-1
-1
-1
52
-1
40
-1
-1
-1
1
-1
90
-1
-1
-1
1
-1
-1
-1
648
-1
1
-1
90
-1
-1
-1
126
-1
176
-1
-1
-1
1
-1
-1
-1
-1
-1
12
-1
902
-1
-1
-1
1
-1
-1
-1
-1
-1
18
-1
240
-1
260
-1
-1
-1
1
-1
-1
-1
30
-1
1
-1
-1
-1
1
-1
1
-1
-1
-1
1
-1
40
-1
12
-1
-1
-1
150
-1
-1
-1
262
-1
36
-1
276
-1
1
-1
46
-1
-1
-1
1
-1
358
-1
-1
-1
64
-1
336
-1
-1
-1
1
-1
-1
-1
-1
-1
-1
-1
1
-1
-1
-1
24
-1
1
-1
-1
-1
1
-1
232
-1
-1
-1
-1
-1
16
-1
-1
-1
1
-1
1
-1
-1
-1
24
-1
216
-1
-1
-1
-1
-1
1
-1
-1
-1
16
-1
36
-1
656
-1
80
-1
-1
-1
-1
-1
30
-1
430
-1
-1
-1
18
-1
-1
-1
55
-1
30
-1
1
-1
-1
-1
-1
-1
18
-1
-1
-1
20
-1
-1
-1
-1
-1
1
-1
1
-1
-1
-1
18
-1
1
-1
-1
-1
40
-1
28
-1
-1
-1
70
-1
36
-1
-1
-1
66
-1
360
-1
-1
-1
1
-1
24
-1
-1
-1
88
-1
34
-1
-1
-1
80
-1
1
-1
-1
-1
44
-1
1
-1
624
-1
4
-1
12
-1
-1
-1
1
-1
288
-1
-1
-1
-1
-1
56
-1
168
-1
1
-1
56
-1
-1
-1
1
-1
1
-1
-1
-1
1
-1
404
-1
630
-1
80
-1
1
-1
-1
-1
-1
-1
-1
-1
-1
-1
1
-1
108
-1
-1
-1
1
-1
88
-1
-1
-1
1
-1
-1
-1
-1
-1
120
-1
154
-1
60
-1
54
-1
16
-1
-1
-1
-1
-1
238
-1
-1
-1
1
-1
56
-1
-1
-1
260
-1
112
-1
-1
-1
30
-1
1
-1
-1
-1
-1
-1
1
-1
-1
-1
1
-1
156
-1
-1
-1
144
-1
1
-1
-1
-1
-1
-1
34
-1
60
-1
42
-1
1
-1
-1
-1
-1
-1
36
-1
-1
-1
154
-1
36
-1
-1
-1
138
-1
1
-1
-1
-1
36
-1
-1
-1
-1
-1
1
-1
1
-1
136
-1
-1
-1
216
-1
-1
-1
1
-1
1
-1
-1
-1
1
-1
26
-1
-1
-1
1
-1
512
-1
-1
-1
48
-1
-1
-1
-1
-1
18
-1
890
-1
672
-1
250
-1
1
-1
-1
-1
116
-1
1
-1
-1
-1
1
-1
-1
-1
-1
-1
108
-1
-1
-1
500
-1
264
-1
1
-1
-1
-1
1
-1
1
-1
-1
-1
1
-1
96
-1
-1
-1
-1
-1
-1
-1
-1
-1
592
-1
1
-1
-1
-1
276
-1
1
-1
154
-1
26
-1
-1
-1
-1
-1
36
-1
1
-1
692
-1
128
-1
336
-1
-1
-1
66
-1
36
-1
-1
-1
138
-1
168
-1
-1
-1
74
-1
1
-1
552
-1
16
-1
318
-1
-1
-1
1
-1
-1
-1
16
-1
1
-1
60
-1
-1
-1
-1
-1
1
-1
-1
-1
-1
-1
40
-1
-1
-1
1
-1
1
-1
-1
-1
108
-1
240
-1
-1
-1
336
-1
27
-1
120
-1
-1
-1
4
-1
-1
-1
36
-1
44
-1
-1
-1
24
-1
1
-1
-1
-1
1
-1
-1
-1
-1
-1
1
-1
1
-1
-1
-1
-1
-1
28
-1
-1
-1
20
-1
1
-1
280
-1
1
-1
-1
-1
-1
-1
156
-1
120
-1
1408
-1
128
-1
1
-1
-1
-1
138
-1
1
-1
-1
-1
98
-1
18
-1
-1
-1
-1
-1
22
-1
32
-1
328
-1
416
-1
-1
-1
54
-1
300
-1
-1
-1
282
-1
72
-1
-1
-1
1
-1
64
-1
-1
-1
132
-1
90
-1
354
-1
1
-1
-1
-1
656
-1
48
-1
1
-1
-1
-1
-1
-1
1
-1
84
-1
96
-1
20
-1
280
-1
1
-1
1
-1
-1
-1
1
-1
30
-1
-1
-1
40
-1
500
-1
-1
-1
-1
-1
18
-1
-1
-1
276
-1
1
-1
-1
-1
46
-1
20
-1
-1
-1
1
-1
-1
-1
-1
-1
10
-1
1
-1
60
-1
-1
-1
44
-1
-1
-1
-1
-1
60
-1
-1
-1
1
-1
1
-1
-1
-1
306
-1
-1
-1
-1
-1
1
-1
108
-1
-1
-1
60
-1
120
-1
-1
-1
56
-1
1
-1
-1
-1
1
-1
1
-1
-1
-1
160
-1
-1
-1
719
-1
12
-1
1
-1
-1
-1
432
-1
1
-1
-1
-1
4
-1
1008
-1
-1
-1
260
-1
102
-1
-1
-1
1
-1
432
-1
-1
-1
1
-1
30
-1
-1
-1
-1
-1
1
-1
130
-1
1
-1
-1
-1
-1
-1
144
-1
1
-1
360
-1
1
-1
4
-1
-1
-1
1
-1
-1
-1
-1
-1
-1
-1
1
-1
725
-1
30
-1
1
-1
-1
-1
90
-1
1
-1
-1
-1
120
-1
-1
-1
242
-1
-1
-1
1
-1
120
-1
96
-1
1
-1
-1
-1
1
-1
24
-1
-1
-1
1
-1
32
-1
-1
-1
1
-1
-1
-1
-1
-1
66
-1
1
-1
-1
-1
72
-1
44
-1
-1
-1
-1
-1
276
-1
-1
-1
12
-1
1
-1
90
-1
1
-1
-1
-1
120
-1
176
-1
252
-1
-1
-1
292
-1
90
-1
-1
-1
-1
-1
1
-1
292
-1
1
-1
95
-1
-1
-1
144
-1
-1
-1
336
-1
1
-1
1
-1
112
-1
-1
-1
576
-1
-1
-1
1
-1
-1
-1
-1
-1
1
-1
1
-1
-1
-1
48
-1
-1
-1
-1
-1
1
-1
492
-1
-1
-1
-1
-1
48
-1
-1
-1
1
-1
1
-1
-1
-1
1
-1
-1
-1
738
-1
58
-1
-1
-1
132
-1
30
-1
20
-1
-1
-1
144
-1
1
-1
1480
-1
8
-1
1
-1
36
-1
60
-1
100
-1
-1
-1
48
-1
16
-1
156
-1
70
-1
2
-1
-1
-1
270
-1
144
-1
-1
-1
270
-1
1
-1
-1
-1
6
-1
1
-1
-1
-1
1
-1
414
-1
-1
-1
70
-1
1
-1
-1
-1
74
-1
480
-1
-1
-1
1
-1
630
-1
-1
-1
-1
-1
-1
-1
-1
-1
1
-1
-1
-1
-1
-1
1
-1
1
-1
-1
-1
-1
-1
396
-1
-1
-1
320
-1
44
-1
132
-1
36
-1
40
-1
-1
-1
-1
-1
512
-1
749
-1
1
-1
1
-1
-1
-1
-1
-1
1
-1
-1
-1
1
-1
1
-1
-1
-1
4
-1
30
-1
-1
-1
-1
-1
-1
-1
-1
-1
1
-1
40
-1
84
-1
88
-1
12
-1
30
-1
1
-1
1
-1
-1
-1
72
-1
1
-1
-1
-1
68
-1
-1
-1
-1
-1
1
-1
128
-1
-1
-1
-1
-1
1
-1
151
-1
88
-1
28
-1
-1
-1
24
-1
324
-1
-1
-1
72
-1
12
-1
-1
-1
36
-1
1
-1
-1
-1
208
-1
348
-1
-1
-1
714
-1
1
-1
-1
-1
12
-1
1
-1
-1
-1
20
-1
910
-1
-1
-1
66
-1
-1
-1
144
-1
-1
-1
1
-1
88
-1
66
-1
1
-1
-1
-1
1
-1
648
-1
-1
-1
36
-1
-1
-1
-1
-1
326
-1
1
-1
-1
-1
-1
-1
1
-1
-1
-1
1
-1
-1
-1
-1
-1
20
-1
42
-1
-1
-1
1
-1
-1
-1
-1
-1
20
-1
1
-1
-1
-1
-1
-1
1
-1
-1
-1
60
-1
78
-1
-1
-1
48
-1
1
-1
-1
-1
1
-1
260
-1
-1
-1
1
-1
150
-1
-1
-1
6
-1
58
-1
-1
-1
1
-1
20
-1
-1
-1
1
-1
418
-1
-1
-1
658
-1
20
-1
-1
-1
1
-1
1
-1
-1
-1
-1
-1
60
-1
22
-1
-1
-1
243
-1
40
-1
1
-1
462
-1
-1
-1
12
-1
144
-1
16
-1
20
-1
18
-1
60
-1
-1
-1
1
-1
-1
-1
1
-1
1
-1
-1
-1
100
-1
48
-1
-1
-1
1
-1
-1
-1
-1
-1
24
-1
12
-1
-1
-1
-1
-1
56
-1
52
-1
1
-1
330
-1
-1
-1
-1
-1
1
-1
-1
-1
1
-1
-1
-1
-1
-1
6
-1
-1
-1
-1
-1
310
-1
1
-1
-1
-1
1
-1
1
-1
-1
-1
358
-1
1
-1
-1
-1
330
-1
-1
-1
779
-1
-1
-1
-1
-1
-1
-1
48
-1
48
-1
-1
-1
1
-1
144
-1
-1
-1
1
-1
40
-1
28
-1
140
-1
66
-1
-1
-1
72
-1
1
-1
-1
-1
8
-1
1
-1
-1
-1
24
-1
1
-1
-1
-1
80
-1
-1
-1
672
-1
1
-1
132
-1
-1
-1
1
-1
1
-1
-1
-1
-1
-1
212
-1
-1
-1
1
-1
1
-1
-1
-1
1
-1
1
-1
-1
-1
-1
-1
928
-1
-1
-1
-1
-1
110
-1
40
-1
-1
-1
-1
-1
-1
-1
1
-1
1
-1
-1
-1
1
-1
1104
-1
-1
-1
1
-1
-1
-1
-1
-1
1
-1
738
-1
-1
-1
-1
-1
132
-1
-1
-1
1
-1
860
-1
-1
-1
1
-1
70
-1
113
-1
12
-1
-1
-1
-1
-1
768
-1
1
-1
-1
-1
-1
-1
144
-1
-1
-1
1
-1
260
-1
-1
-1
16
-1
6
-1
-1
-1
1
-1
952
-1
-1
-1
1
-1
-1
-1
-1
-1
20
-1
1
-1
-1
-1
1
-1
4
-1
-1
-1
250
-1
-1
-1
-1
-1
12
-1
952
-1
-1
-1
682
-1
280
-1
140
-1
-1
-1
12
-1
-1
-1
-1
-1
-1
-1
-1
-1
1
-1
12
-1
-1
-1
4
-1
-1
-1
-1
-1
30
-1
1
-1
-1
-1
256
-1
360
-1
1600
-1
-1
-1
1
-1
-1
-1
756
-1
1
-1
-1
-1
1
-1
-1
-1
400
-1
1
-1
1
-1
-1
-1
-1
-1
99
-1
-1
-1
-1
-1
1
-1
-1
-1
72
-1
1
-1
-1
-1
-1
-1
-1
-1
-1
-1
26
-1
1
-1
132
-1
66
-1
44
-1
72
-1
6
-1
80
-1
-1
-1
1
-1
1
-1
-1
-1
60
-1
144
-1
-1
-1
1
-1
-1
-1
-1
-1
66
-1
1
-1
-1
-1
24
-1
4
-1
72
-1
72
-1
648
-1
-1
-1
84
-1
40
-1
-1
-1
1
-1
1
-1
-1
-1
-1
-1
48
-1
-1
-1
390
-1
1
-1
-1
-1
26
-1
1
-1
144
-1
1
-1
54
-1
-1
-1
1
-1
-1
-1
300
-1
-1
-1
884
-1
-1
-1
336
-1
300
-1
-1
-1
1
-1
1
-1
180
-1
112
-1
-1
-1
-1
-1
-1
-1
1
-1
-1
-1
144
-1
1
-1
-1
-1
1
-1
116
-1
648
-1
160
-1
16
-1
-1
-1
1
-1
48
-1
-1
-1
64
-1
1
-1
-1
-1
-1
-1
1
-1
-1
-1
60
-1
132
-1
-1
-1
156
-1
1
-1
48
-1
1
-1
-1
-1
-1
-1
1
-1
54
-1
-1
-1
-1
-1
18
-1
-1
-1
1
-1
574
-1
-1
-1
1
-1
1
-1
-1
-1
160
-1
112
-1
-1
-1
22
-1
1
-1
-1
-1
-1
-1
80
-1
-1
-1
80
-1
1
-1
92
-1
1
-1
30
-1
-1
-1
72
-1
462
-1
48
-1
12
-1
1
-1
-1
-1
138
-1
1
-1
-1
-1
16
-1
420
-1
-1
-1
132
-1
54
-1
-1
-1
1
-1
-1
-1
-1
-1
1
-1
1
-1
-1
-1
330
-1
84
-1
-1
-1
1
-1
324
-1
-1
-1
-1
-1
1
-1
-1
-1
6
-1
-1
-1
-1
-1
180
-1
234
-1
-1
-1
328
-1
1
-1
50
-1
-1
-1
1
-1
-1
-1
300
-1
584
-1
-1
-1
90
-1
249
-1
384
-1
330
-1
16
-1
-1
-1
36
-1
768
-1
-1
-1
